<?xml version="1.0" encoding="UTF-8"?>
<testsuite name="Sanity limpieza y aprovisionamiento de recursos" tests="5" skipped="0" failures="0" errors="0" timestamp="2022-07-11T18:42:32" hostname="22LAP5CD1195R94" time="377.748">
  <properties/>
  <testcase name="se quiere ingresar a la plataforma epos" classname="Sanity limpieza y aprovisionamiento de recursos" time="94.552"/>
  <testcase name="realizar el cargue de inventario" classname="Sanity limpieza y aprovisionamiento de recursos" time="30.823"/>
  <testcase name="realizar la confirmacion de inventario" classname="Sanity limpieza y aprovisionamiento de recursos" time="20.759"/>
  <testcase name="se requiere realizar una activacion prepago" classname="Sanity limpieza y aprovisionamiento de recursos" time="93.736"/>
  <testcase name="se requiere realizar una activacion nintendo" classname="Sanity limpieza y aprovisionamiento de recursos" time="137.862"/>
  <system-out><![CDATA[13:42:34.274 [Test worker] DEBUG org.apache.http.impl.conn.BasicClientConnectionManager - Get connection for route {}->http://10.65.45.14:7001
13:42:34.281 [Test worker] DEBUG org.apache.http.impl.conn.DefaultClientConnectionOperator - Connecting to 10.65.45.14:7001
13:42:34.319 [Test worker] DEBUG org.apache.http.client.protocol.RequestAddCookies - CookieSpec selected: ignoreCookies
13:42:34.319 [Test worker] DEBUG org.apache.http.client.protocol.RequestAuthCache - Auth cache not set in the context
13:42:34.319 [Test worker] DEBUG org.apache.http.client.protocol.RequestTargetAuthentication - Target auth state: UNCHALLENGED
13:42:34.319 [Test worker] DEBUG org.apache.http.client.protocol.RequestProxyAuthentication - Proxy auth state: UNCHALLENGED
13:42:34.319 [Test worker] DEBUG org.apache.http.impl.client.DefaultHttpClient - Attempt 1 to execute request
13:42:34.319 [Test worker] DEBUG org.apache.http.impl.conn.DefaultClientConnection - Sending request: POST /gatewaycbs/BcServicesInt?WSDL HTTP/1.1
13:42:34.325 [Test worker] DEBUG org.apache.http.wire -  >> "POST /gatewaycbs/BcServicesInt?WSDL HTTP/1.1[\r][\n]"
13:42:34.325 [Test worker] DEBUG org.apache.http.wire -  >> "Accept: */*[\r][\n]"
13:42:34.325 [Test worker] DEBUG org.apache.http.wire -  >> "Content-Type: text/xml;charset=UTF-8[\r][\n]"
13:42:34.325 [Test worker] DEBUG org.apache.http.wire -  >> "Content-Length: 748[\r][\n]"
13:42:34.325 [Test worker] DEBUG org.apache.http.wire -  >> "Host: 10.65.45.14:7001[\r][\n]"
13:42:34.325 [Test worker] DEBUG org.apache.http.wire -  >> "Connection: Keep-Alive[\r][\n]"
13:42:34.325 [Test worker] DEBUG org.apache.http.wire -  >> "User-Agent: Apache-HttpClient/4.5.9 (Java/1.8.0_301)[\r][\n]"
13:42:34.326 [Test worker] DEBUG org.apache.http.wire -  >> "Accept-Encoding: gzip,deflate[\r][\n]"
13:42:34.326 [Test worker] DEBUG org.apache.http.wire -  >> "[\r][\n]"
13:42:34.326 [Test worker] DEBUG org.apache.http.headers - >> POST /gatewaycbs/BcServicesInt?WSDL HTTP/1.1
13:42:34.326 [Test worker] DEBUG org.apache.http.headers - >> Accept: */*
13:42:34.326 [Test worker] DEBUG org.apache.http.headers - >> Content-Type: text/xml;charset=UTF-8
13:42:34.326 [Test worker] DEBUG org.apache.http.headers - >> Content-Length: 748
13:42:34.326 [Test worker] DEBUG org.apache.http.headers - >> Host: 10.65.45.14:7001
13:42:34.326 [Test worker] DEBUG org.apache.http.headers - >> Connection: Keep-Alive
13:42:34.326 [Test worker] DEBUG org.apache.http.headers - >> User-Agent: Apache-HttpClient/4.5.9 (Java/1.8.0_301)
13:42:34.326 [Test worker] DEBUG org.apache.http.headers - >> Accept-Encoding: gzip,deflate
13:42:34.326 [Test worker] DEBUG org.apache.http.wire -  >> "<soapenv:Envelope xmlns:bcc="http://www.huawei.com/bme/cbsinterface/bccommon" xmlns:bcs="http://www.huawei.com/bme/cbsinterface/bcservices" xmlns:ws="http://ws.web.gatewaycbs.tigo.com.co/" xmlns:soapenv="http://schemas.xmlsoap.org/soap/envelope/">[\n]"
13:42:34.326 [Test worker] DEBUG org.apache.http.wire -  >> "   <soapenv:Header/>[\n]"
13:42:34.326 [Test worker] DEBUG org.apache.http.wire -  >> "   <soapenv:Body>[\n]"
13:42:34.326 [Test worker] DEBUG org.apache.http.wire -  >> "      <ws:queryCustomerInfo>[\n]"
13:42:34.326 [Test worker] DEBUG org.apache.http.wire -  >> "         <!--Optional:-->[\n]"
13:42:34.326 [Test worker] DEBUG org.apache.http.wire -  >> "         <QueryCustomerInfoRequest>[\n]"
13:42:34.326 [Test worker] DEBUG org.apache.http.wire -  >> "            <bcs:QueryObj>[\n]"
13:42:34.326 [Test worker] DEBUG org.apache.http.wire -  >> "               <!--Optional:-->[\n]"
13:42:34.326 [Test worker] DEBUG org.apache.http.wire -  >> "               <bcs:SubAccessCode>[\n]"
13:42:34.326 [Test worker] DEBUG org.apache.http.wire -  >> "                  <!--Optional:-->[\n]"
13:42:34.326 [Test worker] DEBUG org.apache.http.wire -  >> "                  <bcc:PrimaryIdentity>3046010569</bcc:PrimaryIdentity>[\n]"
13:42:34.326 [Test worker] DEBUG org.apache.http.wire -  >> "               </bcs:SubAccessCode>[\n]"
13:42:34.326 [Test worker] DEBUG org.apache.http.wire -  >> "            </bcs:QueryObj>[\n]"
13:42:34.326 [Test worker] DEBUG org.apache.http.wire -  >> "         </QueryCustomerInfoRequest>[\n]"
13:42:34.326 [Test worker] DEBUG org.apache.http.wire -  >> "      </ws:queryCustomerInfo>[\n]"
13:42:34.326 [Test worker] DEBUG org.apache.http.wire -  >> "   </soapenv:Body>[\n]"
13:42:34.326 [Test worker] DEBUG org.apache.http.wire -  >> "</soapenv:Envelope>"
13:42:34.481 [Test worker] DEBUG org.apache.http.wire -  << "HTTP/1.1 200 OK[\r][\n]"
13:42:34.481 [Test worker] DEBUG org.apache.http.wire -  << "Date: Mon, 11 Jul 2022 18:48:12 GMT[\r][\n]"
13:42:34.481 [Test worker] DEBUG org.apache.http.wire -  << "Transfer-Encoding: chunked[\r][\n]"
13:42:34.481 [Test worker] DEBUG org.apache.http.wire -  << "Content-Type: text/xml; charset=utf-8[\r][\n]"
13:42:34.481 [Test worker] DEBUG org.apache.http.wire -  << "X-Powered-By: Servlet/2.5 JSP/2.1[\r][\n]"
13:42:34.481 [Test worker] DEBUG org.apache.http.wire -  << "[\r][\n]"
13:42:34.481 [Test worker] DEBUG org.apache.http.impl.conn.DefaultClientConnection - Receiving response: HTTP/1.1 200 OK
13:42:34.481 [Test worker] DEBUG org.apache.http.headers - << HTTP/1.1 200 OK
13:42:34.481 [Test worker] DEBUG org.apache.http.headers - << Date: Mon, 11 Jul 2022 18:48:12 GMT
13:42:34.481 [Test worker] DEBUG org.apache.http.headers - << Transfer-Encoding: chunked
13:42:34.481 [Test worker] DEBUG org.apache.http.headers - << Content-Type: text/xml; charset=utf-8
13:42:34.481 [Test worker] DEBUG org.apache.http.headers - << X-Powered-By: Servlet/2.5 JSP/2.1
13:42:34.481 [Test worker] DEBUG org.apache.http.impl.client.DefaultHttpClient - Connection can be kept alive indefinitely
13:42:34.497 [Test worker] DEBUG io.restassured.internal.RequestSpecificationImpl$RestAssuredHttpBuilder - Parsing response as: text/xml; charset=utf-8
13:42:34.497 [Test worker] DEBUG io.restassured.internal.RequestSpecificationImpl$RestAssuredHttpBuilder - Parsed data to instance of: class org.apache.http.conn.EofSensorInputStream
13:42:34.541 [Test worker] DEBUG org.apache.http.wire -  << "0fe8[\r][\n]"
13:42:34.541 [Test worker] DEBUG org.apache.http.wire -  << "<?xml version='1.0' encoding='UTF-8'?><S:Envelope xmlns:S="http://schemas.xmlsoap.org/soap/envelope/"><S:Header><work:WorkContext xmlns:work="http://oracle.com/weblogic/soap/workarea/">rO0ABXdOABx3ZWJsb2dpYy5hcHAuR2F0ZXdheUNic1dTSW50AAAA1gAAACN3ZWJsb2dpYy53b3JrYXJlYS5TdHJpbmdXb3JrQ29udGV4dAABMQAA</work:WorkContext></S:Header><S:Body><ns4:queryCustomerInfoResponse xmlns:ns5="http://www.huawei.com/bme/cbsinterface/cbscommon" xmlns:ns4="http://ws.web.gatewaycbs.tigo.com.co/" xmlns:ns3="http://www.huawei.com/bme/cbsinterface/bcservices" xmlns:ns2="http://www.huawei.com/bme/cbsinterface/bccommon"><return><ResultHeader><ns5:Version>1</ns5:Version><ns5:ResultCode>0</ns5:ResultCode><ns5:ResultDesc>Operation successfully.</ns5:ResultDesc></ResultHeader><QueryCustomerInfoResult><ns3:Customer><ns3:CustKey>CTA00000236248</ns3:CustKey><ns3:CustInfo><ns2:CustType>1</ns2:CustType><ns2:CustNodeType>1</ns2:CustNodeType><ns2:CustClass>1</ns2:CustClass><ns2:CustCode>CBS100040000000364443</ns2:CustCode><ns2:CustBasicInfo><ns2:DFTWrittenLang>2002</ns2:DFTWrittenLang><ns2:DFTIVRLang>2002</ns2:DFTIVRLang><ns2:DunningFlag>1</ns2:DunningFlag><ns2:CustProperty><ns2:Code>C_Extend_Cust_Int_Attr8</ns2:Code><ns2:Value></ns2:Value></ns2:CustProperty><ns2:CustProperty><ns2:Code>C_CUSTOMER_TAX_RATE</ns2:Code><ns2:Value></ns2:Value></ns2:CustProperty><ns2:CustProperty><ns2:Code>C_Extend_Cust_Int_Attr9</ns2:Code><ns2:Value></ns2:Value></ns2:CustProperty><ns2:CustProperty><ns2:Code>C_CUST_BANKRUPTCY</ns2:Code><ns2:Value>N</ns2:Value></ns2:CustProperty><ns2:CustProperty><ns2:Code>C_Extend_Cust_Int_Attr10</ns2:Code><ns2:Value></ns2:Value></ns2:CustProperty><ns2:CustProperty><ns2:Code>C_Extend_Cust_Int_Attr4</ns2:Code><ns2:Value></ns2:Value></ns2:CustProperty><ns2:CustProperty><ns2:Code>C_Extend_Cust_Int_Attr5</ns2:Code><ns2:Value></ns2:Value></ns2:CustProperty><ns2:CustProperty><ns2:Code>C_Extend_Cust_Int_Attr6</ns2:Code><ns2:Value></ns2:Value></ns2:CustProperty><ns2:CustProperty><ns2:Code>C_Extend_Cust_Int_Attr7</ns2:Code><ns2:Value></ns2:Value></ns2:CustProperty><ns2:CustProperty><ns2:Code>C_LEGAL_CATEGORY</ns2:Code><ns2:Value></ns2:Value></ns2:CustProperty><ns2:CustProperty><ns2:Code>C_CONTRACT_ID</ns2:Code><ns2:Value></ns2:Value></ns2:CustProperty><ns2:CustProperty><ns2:Code>C_Extend_Cust_Int_Attr1</ns2:Code><ns2:Value></ns2:Value></ns2:CustProperty><ns2:CustProperty><ns2:Code>C_Extend_Cust_Int_Attr2</ns2:Code><ns2:Value></ns2:Value></ns2:CustProperty><ns2:CustProperty><ns2:Code>C_NEW_IC</ns2:Code><ns2:Value></ns2:Value></ns2:CustProperty><ns2:CustProperty><ns2:Code>C_Extend_Cust_Int_Attr3</ns2:Code><ns2:Value></ns2:Value></ns2:CustProperty><ns2:CustProperty><ns2:Code>C_REG_FLAG</ns2:Code><ns2:Value>N</ns2:Value></ns2:CustProperty><ns2:CustProperty><ns2:Code>C_NRC</ns2:Code><ns2:Value></ns2:Value></ns2:CustProperty><ns2:CustProperty><ns2:Code>C_CUST_CATEGORY</ns2:Code><ns2:Value></ns2:Value></ns2:CustProperty><ns2:CustProperty><ns2:Code>C_CUST_SALT</ns2:Code><ns2:Value>4094F343D9D85222</ns2:Value></ns2:CustProperty><ns2:CustProperty><ns2:Code>C_EXTERNAL_CUST_ID</ns2:Code><ns2:Value></ns2:Value></ns2:CustProperty><ns2:CustProperty><ns2:Code>C_FRAUD_FLAG</ns2:Code><ns2:Value>N</ns2:Value></ns2:CustProperty><ns2:CustProperty><ns2:Code>C_CUST_MEDIA_FLAG</ns2:Code><ns2:Value>N</ns2:Value></ns2:CustProperty><ns2:CustProperty><ns2:Code>C_TAX_PAYER_IDENTIFICATION_NO</ns2:Code><ns2:Value></ns2:Value></ns2:CustProperty><ns2:CustProperty><ns2:Code>C_CUST_DECEASED</ns2:Code><ns2:Value>N</ns2:Value></ns2:CustProperty><ns2:CustProperty><ns2:Code>C_EVENING_PHONE</ns2:Code><ns2:Value></ns2:Value></ns2:CustProperty><ns2:CustProperty><ns2:Code>C_Extend_Cust_Str_Attr5</ns2:Code><ns2:Value></ns2:Value></ns2:CustProperty><ns2:CustProperty><ns2:Code>C_Extend_Cust_Str_Attr4</ns2:Code><ns2:Value></ns2:Value></ns2:CustProperty><ns2:CustProperty><ns2:Code>C_Extend_Cust_Str_Attr3</ns2:Code><ns2:Value></ns2:Value></ns2:CustProperty><ns2:CustProperty><ns2:Code>C_Extend_Cust_Str_Attr2</ns2:Code><ns2:Value></ns2:Value></ns2:CustProperty><ns2:CustProperty><ns2:C"
13:42:34.541 [Test worker] DEBUG org.apache.http.wire -  << "[\r][\n]"
13:42:34.541 [Test worker] DEBUG org.apache.http.wire -  << "0fe8[\r][\n]"
13:42:34.541 [Test worker] DEBUG org.apache.http.wire -  << "ode>C_DAYTIME_PHONE</ns2:Code><ns2:Value></ns2:Value></ns2:CustProperty><ns2:CustProperty><ns2:Code>C_Extend_Cust_Str_Attr9</ns2:Code><ns2:Value></ns2:Value></ns2:CustProperty><ns2:CustProperty><ns2:Code>C_Extend_Cust_Str_Attr8</ns2:Code><ns2:Value></ns2:Value></ns2:CustProperty><ns2:CustProperty><ns2:Code>C_CUST_MARKETING_CONSENT</ns2:Code><ns2:Value>N</ns2:Value></ns2:CustProperty><ns2:CustProperty><ns2:Code>C_Extend_Cust_Str_Attr7</ns2:Code><ns2:Value></ns2:Value></ns2:CustProperty><ns2:CustProperty><ns2:Code>C_Extend_Cust_Str_Attr6</ns2:Code><ns2:Value></ns2:Value></ns2:CustProperty><ns2:CustProperty><ns2:Code>C_OLD_IC</ns2:Code><ns2:Value></ns2:Value></ns2:CustProperty><ns2:CustProperty><ns2:Code>C_Extend_Cust_Str_Attr1</ns2:Code><ns2:Value></ns2:Value></ns2:CustProperty><ns2:CustProperty><ns2:Code>C_Extend_Cust_Str_Attr10</ns2:Code><ns2:Value></ns2:Value></ns2:CustProperty><ns2:CustProperty><ns2:Code>C_CUST_BILLSUM</ns2:Code><ns2:Value>0</ns2:Value></ns2:CustProperty><ns2:CustProperty><ns2:Code>C_CORP_CUST_SEGMENT</ns2:Code><ns2:Value></ns2:Value></ns2:CustProperty><ns2:CustProperty><ns2:Code>C_ACCESSIBILITY_FLAG</ns2:Code><ns2:Value></ns2:Value></ns2:CustProperty><ns2:CustProperty><ns2:Code>C_CUST_BelToAreaID</ns2:Code><ns2:Value>101</ns2:Value></ns2:CustProperty><ns2:CustProperty><ns2:Code>C_CUST_ID</ns2:Code><ns2:Value>100040000000364443</ns2:Value></ns2:CustProperty></ns2:CustBasicInfo></ns3:CustInfo><ns3:IndividualInfo><ns2:IDType>6</ns2:IDType><ns2:IDNumber>970271477</ns2:IDNumber><ns2:FirstName>JOSE ANT</ns2:FirstName><ns2:LastName>PABON</ns2:LastName><ns2:HomePhone>3222345678</ns2:HomePhone><ns2:IndividualProperty><ns2:Code>C_MKT_P_STATUS</ns2:Code><ns2:Value>1</ns2:Value></ns2:IndividualProperty></ns3:IndividualInfo></ns3:Customer><ns3:Subscriber><ns3:SubscriberKey>ACT00001870268</ns3:SubscriberKey><ns3:SubscriberInfo><ns2:SubBasicInfo><ns2:WrittenLang>2021</ns2:WrittenLang><ns2:IVRLang>2021</ns2:IVRLang><ns2:DunningFlag>1</ns2:DunningFlag><ns2:SubProperty><ns2:Code>C_WORK_ADDRESS</ns2:Code><ns2:Value></ns2:Value></ns2:SubProperty><ns2:SubProperty><ns2:Code>C_SUB_SMS_ROMING_RIGHT</ns2:Code><ns2:Value>0</ns2:Value></ns2:SubProperty><ns2:SubProperty><ns2:Code>C_LAST_TRANS_EVENT</ns2:Code><ns2:Value>0</ns2:Value></ns2:SubProperty><ns2:SubProperty><ns2:Code>C_SALES_CHANNEL_ID</ns2:Code><ns2:Value></ns2:Value></ns2:SubProperty><ns2:SubProperty><ns2:Code>C_HANDSET_TYPE</ns2:Code><ns2:Value>-1</ns2:Value></ns2:SubProperty><ns2:SubProperty><ns2:Code>C_SUB_MAX_BALANCE</ns2:Code><ns2:Value>-1</ns2:Value></ns2:SubProperty><ns2:SubProperty><ns2:Code>C_ACCOUNTING_SCENARIO</ns2:Code><ns2:Value></ns2:Value></ns2:SubProperty><ns2:SubProperty><ns2:Code>C_RESUME_DATE</ns2:Code><ns2:Value>19991231190000</ns2:Value></ns2:SubProperty><ns2:SubProperty><ns2:Code>C_BAK_ORG_CHILD_ACCTID</ns2:Code><ns2:Value>0</ns2:Value></ns2:SubProperty><ns2:SubProperty><ns2:Code>C_HANDSET_NETWORK</ns2:Code><ns2:Value></ns2:Value></ns2:SubProperty><ns2:SubProperty><ns2:Code>C_SUB_UNBLOCK</ns2:Code><ns2:Value>0</ns2:Value></ns2:SubProperty><ns2:SubProperty><ns2:Code>C_SUB_LOW_SPENDING_GATE</ns2:Code><ns2:Value>-1</ns2:Value></ns2:SubProperty><ns2:SubProperty><ns2:Code>C_SUB_LOAN_FLAG</ns2:Code><ns2:Value>0</ns2:Value></ns2:SubProperty><ns2:SubProperty><ns2:Code>C_SUB_LASTRECHARGETIME</ns2:Code><ns2:Value>0</ns2:Value></ns2:SubProperty><ns2:SubProperty><ns2:Code>C_SUB_LASTRGADATE</ns2:Code><ns2:Value>19700101000000</ns2:Value></ns2:SubProperty><ns2:SubProperty><ns2:Code>C_SUB_PORT_IN_FLAG</ns2:Code><ns2:Value>0</ns2:Value></ns2:SubProperty><ns2:SubProperty><ns2:Code>C_SUB_NOTIFICATION_TIMES</ns2:Code><ns2:Value></ns2:Value></ns2:SubProperty><ns2:SubProperty><ns2:Code>C_BLACK_FLAG</ns2:Code><ns2:Value>0</ns2:Value></ns2:SubProperty><ns2:SubProperty><ns2:Code>C_SUB_VOICE_ROAM_RIGHT</ns2:Code><ns2:Value></ns2:Value></ns2:SubProperty><ns2:SubProperty><ns2:Code>C_HYBRID_PAY_TYPE</ns2:Code><ns2:Value>-1</ns2:Value></ns2:SubProperty><ns2:SubProperty><ns2:Code>C_SUB_MAX_VALIDITY</ns2:Code><ns2:Value>365</ns2:Value></ns2:SubProperty>"
13:42:34.541 [Test worker] DEBUG org.apache.http.wire -  << "[\r][\n]"
13:42:34.541 [Test worker] DEBUG org.apache.http.wire -  << "0fe8[\r][\n]"
13:42:34.541 [Test worker] DEBUG org.apache.http.wire -  << "<ns2:SubProperty><ns2:Code"
13:42:34.541 [Test worker] DEBUG org.apache.http.wire -  << ">C_TEST_EXTEND_DAYS</ns2:Code><ns2:Value>0</ns2:Value></ns2:SubProperty><ns2:SubProperty><ns2:Code>C_SUBDISCOUNT</ns2:Code><ns2:Value>O</ns2:Value></ns2:SubProperty><ns2:SubProperty><ns2:Code>C_SUB_LASTZONETYPE</ns2:Code><ns2:Value>00</ns2:Value></ns2:SubProperty><ns2:SubProperty><ns2:Code>C_Extend_Sub_Str_Attr4</ns2:Code><ns2:Value></ns2:Value></ns2:SubProperty><ns2:SubProperty><ns2:Code>C_Extend_Sub_Str_Attr3</ns2:Code><ns2:Value></ns2:Value></ns2:SubProperty><ns2:SubProperty><ns2:Code>C_Extend_Sub_Str_Attr6</ns2:Code><ns2:Value></ns2:Value></ns2:SubProperty><ns2:SubProperty><ns2:Code>C_Extend_Sub_Str_Attr5</ns2:Code><ns2:Value></ns2:Value></ns2:SubProperty><ns2:SubProperty><ns2:Code>C_DAILYRENTNOTIFLAG</ns2:Code><ns2:Value>0</ns2:Value></ns2:SubProperty><ns2:SubProperty><ns2:Code>C_TIGO_ZONE</ns2:Code><ns2:Value></ns2:Value></ns2:SubProperty><ns2:SubProperty><ns2:Code>C_Extend_Sub_Str_Attr2</ns2:Code><ns2:Value></ns2:Value></ns2:SubProperty><ns2:SubProperty><ns2:Code>C_Extend_Sub_Str_Attr1</ns2:Code><ns2:Value></ns2:Value></ns2:SubProperty><ns2:SubProperty><ns2:Code>C_PLACA_INFO</ns2:Code><ns2:Value></ns2:Value></ns2:SubProperty><ns2:SubProperty><ns2:Code>C_Extend_Sub_Int_Attr10</ns2:Code><ns2:Value></ns2:Value></ns2:SubProperty><ns2:SubProperty><ns2:Code>C_HANDSET_OS_TYPE</ns2:Code><ns2:Value></ns2:Value></ns2:SubProperty><ns2:SubProperty><ns2:Code>C_SUB_USER_NAME</ns2:Code><ns2:Value>0</ns2:Value></ns2:SubProperty><ns2:SubProperty><ns2:Code>C_TEST_EXPIRE_TIME</ns2:Code><ns2:Value></ns2:Value></ns2:SubProperty><ns2:SubProperty><ns2:Code>C_TEST_EXHAUST_RULE</ns2:Code><ns2:Value>0</ns2:Value></ns2:SubProperty><ns2:SubProperty><ns2:Code>C_Extend_Sub_Str_Attr8</ns2:Code><ns2:Value></ns2:Value></ns2:SubProperty><ns2:SubProperty><ns2:Code>C_Extend_Sub_Str_Attr7</ns2:Code><ns2:Value></ns2:Value></ns2:SubProperty><ns2:SubProperty><ns2:Code>C_SUB_REGISTERED</ns2:Code><ns2:Value>0</ns2:Value></ns2:SubProperty><ns2:SubProperty><ns2:Code>C_Extend_Sub_Str_Attr9</ns2:Code><ns2:Value></ns2:Value></ns2:SubProperty><ns2:SubProperty><ns2:Code>C_LIFECYCLE</ns2:Code><ns2:Value></ns2:Value></ns2:SubProperty><ns2:SubProperty><ns2:Code>C_VOD_VIDEO_RIGHT</ns2:Code><ns2:Value>0</ns2:Value></ns2:SubProperty><ns2:SubProperty><ns2:Code>C_LAST_CHARGE_BEGIN_TIME</ns2:Code><ns2:Value></ns2:Value></ns2:SubProperty><ns2:SubProperty><ns2:Code>C_SUB_LOW_BAL_NOTIFY_DATE</ns2:Code><ns2:Value>19991231190000</ns2:Value></ns2:SubProperty><ns2:SubProperty><ns2:Code>C_GPRS_FORBIDDEN_MAIN_BAL</ns2:Code><ns2:Value>1</ns2:Value></ns2:SubProperty><ns2:SubProperty><ns2:Code>C_LAST_DATA_SESINI</ns2:Code><ns2:Value>19700101030000</ns2:Value></ns2:SubProperty><ns2:SubProperty><ns2:Code>C_CONSUMENOTIFYGATE</ns2:Code><ns2:Value></ns2:Value></ns2:SubProperty><ns2:SubProperty><ns2:Code>C_SUB_LOW_BAL_NOTIFY_TIMES</ns2:Code><ns2:Value>0</ns2:Value></ns2:SubProperty><ns2:SubProperty><ns2:Code>C_FIRST_RECHARGE_FLAG</ns2:Code><ns2:Value>0</ns2:Value></ns2:SubProperty><ns2:SubProperty><ns2:Code>C_SUB_PROB</ns2:Code><ns2:Value></ns2:Value></ns2:SubProperty><ns2:SubProperty><ns2:Code>C_SUB_SALT</ns2:Code><ns2:Value>D12DE6D17A1E51E1</ns2:Value></ns2:SubProperty><ns2:SubProperty><ns2:Code>C_SUB_SERVICEPROVIDER</ns2:Code><ns2:Value></ns2:Value></ns2:SubProperty><ns2:SubProperty><ns2:Code>C_CALL_COST</ns2:Code><ns2:Value>0000</ns2:Value></ns2:SubProperty><ns2:SubProperty><ns2:Code>C_RNW_PRODUCTSET</ns2:Code><ns2:Value>0</ns2:Value></ns2:SubProperty><ns2:SubProperty><ns2:Code>C_Extend_Sub_Str_Attr10</ns2:Code><ns2:Value></ns2:Value></ns2:SubProperty><ns2:SubProperty><ns2:Code>C_SUB_DOMESIC_ROAM_CALL_RIGHT</ns2:Code><ns2:Value>0</ns2:Value></ns2:SubProperty><ns2:SubProperty><ns2:Code>C_LAST_TRANS_DATE_TIME</ns2:Code><ns2:Value>20000101000000</ns2:Value></ns2:SubProperty><ns2:SubProperty><ns2:Code>C_SUBSCRIBER_INFO_3</ns2:Code><ns2:Value></ns2:Value></ns2:SubProperty><ns2:SubProperty><ns2:Code>C_SUBSCRIBER_INFO_2</ns2:Code><ns2:Value></ns2:Value></ns2:SubProperty><ns2:SubProperty><ns2:Code>C_GPRS_ROAM_DATE</ns2:Code><ns2:Value>19700101"
13:42:34.541 [Test worker] DEBUG org.apache.http.wire -  << "[\r][\n]"
13:42:34.541 [Test worker] DEBUG org.apache.http.wire -  << "0eb8[\r][\n]"
13:42:34.541 [Test worker] DEBUG org.apache.http.wire -  << "000000</ns2:Value></ns2:SubProperty><ns2:SubProperty><ns2:Code>C_SUBSCRIBER_INFO_4</ns2:Code><ns2:Value></ns2:Value></ns2:SubProperty><ns2:SubProperty><ns2:Code>C_STARTTIME_OF_SWITCH_COS</ns2:Code><ns2:Value>-1</ns2:Value></ns2:SubProperty><ns2:SubProperty><ns2:Code>C_SUB_PREBARRING</ns2:Code><ns2:Value>0</ns2:Value></ns2:SubProperty><ns2:SubProperty><ns2:Code>C_DETAIL</ns2:Code><ns2:Value>0</ns2:Value></ns2:SubProperty><ns2:SubProperty><ns2:Code>C_SUBSCRIBER_INFO_1</ns2:Code><ns2:Value></ns2:Value></ns2:SubProperty><ns2:SubProperty><ns2:Code>C_SUB_BARRED_DAYS</ns2:Code><ns2:Value>0</ns2:Value></ns2:SubProperty><ns2:SubProperty><ns2:Code>C_TIGO_CITY</ns2:Code><ns2:Value>*</ns2:Value></ns2:SubProperty><ns2:SubProperty><ns2:Code>C_TECHNOLOGY</ns2:Code><ns2:Value></ns2:Value></ns2:SubProperty><ns2:SubProperty><ns2:Code>C_Extend_Sub_Int_Attr7</ns2:Code><ns2:Value></ns2:Value></ns2:SubProperty><ns2:SubProperty><ns2:Code>C_Extend_Sub_Int_Attr8</ns2:Code><ns2:Value></ns2:Value></ns2:SubProperty><ns2:SubProperty><ns2:Code>C_Extend_Sub_Int_Attr5</ns2:Code><ns2:Value></ns2:Value></ns2:SubProperty><ns2:SubProperty><ns2:Code>C_Extend_Sub_Int_Attr6</ns2:Code><ns2:Value></ns2:Value></ns2:SubProperty><ns2:SubProperty><ns2:Code>C_Extend_Sub_Int_Attr3</ns2:Code><ns2:Value></ns2:Value></ns2:SubProperty><ns2:SubProperty><ns2:Code>C_Extend_Sub_Int_Attr4</ns2:Code><ns2:Value></ns2:Value></ns2:SubProperty><ns2:SubProperty><ns2:Code>C_HANDSET_BRAND</ns2:Code><ns2:Value></ns2:Value></ns2:SubProperty><ns2:SubProperty><ns2:Code>C_Extend_Sub_Int_Attr1</ns2:Code><ns2:Value></ns2:Value></ns2:SubProperty><ns2:SubProperty><ns2:Code>C_SUB_LASTRECHARGEAMT</ns2:Code><ns2:Value>0</ns2:Value></ns2:SubProperty><ns2:SubProperty><ns2:Code>C_Extend_Sub_Int_Attr2</ns2:Code><ns2:Value></ns2:Value></ns2:SubProperty><ns2:SubProperty><ns2:Code>C_SUBCOS_FOR_EIPIN</ns2:Code><ns2:Value>0</ns2:Value></ns2:SubProperty><ns2:SubProperty><ns2:Code>C_Extend_Sub_Int_Attr9</ns2:Code><ns2:Value></ns2:Value></ns2:SubProperty><ns2:SubProperty><ns2:Code>C_SUB_BLACKLIST_CALL_RIGHT</ns2:Code><ns2:Value>0</ns2:Value></ns2:SubProperty><ns2:SubProperty><ns2:Code>C_SUB_MSCC_FEE_AMOUNT</ns2:Code><ns2:Value>0</ns2:Value></ns2:SubProperty><ns2:SubProperty><ns2:Code>C_BACKUP_DAYS</ns2:Code><ns2:Value>0</ns2:Value></ns2:SubProperty><ns2:SubProperty><ns2:Code>C_IS_PRIMARY_SUBSCRIBER</ns2:Code><ns2:Value>1</ns2:Value></ns2:SubProperty><ns2:SubProperty><ns2:Code>C_NODO_INFO</ns2:Code><ns2:Value></ns2:Value></ns2:SubProperty><ns2:SubProperty><ns2:Code>C_SUB_AUTOTOPUP_LOWBALANCE</ns2:Code><ns2:Value>1</ns2:Value></ns2:SubProperty><ns2:SubProperty><ns2:Code>C_SUB_REGISTERED_RETAILER</ns2:Code><ns2:Value>0</ns2:Value></ns2:SubProperty><ns2:SubProperty><ns2:Code>C_IS_GROUP_MEMBER</ns2:Code><ns2:Value>0</ns2:Value></ns2:SubProperty><ns2:SubProperty><ns2:Code>C_SUB_TSMSUBTYPE</ns2:Code><ns2:Value>-1</ns2:Value></ns2:SubProperty><ns2:SubProperty><ns2:Code>C_DTNotification</ns2:Code><ns2:Value>0</ns2:Value></ns2:SubProperty><ns2:SubProperty><ns2:Code>C_SUB_GPRS_ROAM_RIGHT</ns2:Code><ns2:Value>3</ns2:Value></ns2:SubProperty><ns2:SubProperty><ns2:Code>C_SUB_ZONEINFOS</ns2:Code><ns2:Value>0</ns2:Value></ns2:SubProperty><ns2:SubProperty><ns2:Code>C_ETU_STAGE_PERCENT</ns2:Code><ns2:Value>100</ns2:Value></ns2:SubProperty><ns2:SubProperty><ns2:Code>C_SPEC_NUM_RENT_END_TIME</ns2:Code><ns2:Value>20000101030000</ns2:Value></ns2:SubProperty><ns2:SubProperty><ns2:Code>C_ALLOW_OTHCARRIER_CALLS</ns2:Code><ns2:Value>Y</ns2:Value></ns2:SubProperty><ns2:SubProperty><ns2:Code>C_SUB_LOW_BAL_GATE_1</ns2:Code><ns2:Value>-1</ns2:Value></ns2:SubProperty><ns2:SubProperty><ns2:Code>C_SUB_LOW_BAL_GATE_2</ns2:Code><ns2:Value>-1</ns2:Value></ns2:SubProperty><ns2:SubProperty><ns2:Code>C_SUB_LOW_BAL_GATE_3</ns"
13:42:34.541 [Test worker] DEBUG org.apache.http.wire -  << "[\r][\n]"
13:42:34.541 [Test worker] DEBUG org.apache.http.wire -  << "0fe8[\r][\n]"
13:42:34.541 [Test worker] DEBUG org.apache.http.wire -  << "2:Code><ns2:Value>-1</ns2:Value></ns2:SubProperty><ns2:SubProperty><ns2:Code>C_SUB_LOW_BAL_GATE_4</ns2:Code><ns2:Value>-1</ns2:Value></ns2:SubProperty><ns2:SubProperty><ns2:Code>C_SUB_NOROAM_CALL_RIGHT</ns2:Code><ns2:Value>0</ns2:Value></ns2:SubProperty><ns2:SubProperty><ns2:Code>C_SUB_LOW_BAL_GATE_5</ns2:Code><ns2:Value>-1</ns2:Value></ns2:SubProperty><ns2:SubProperty><ns2:Code>C_SUB_LOAN_STATUS</ns2:Code><ns2:Value>0</ns2:Value></ns2:SubProperty><ns2:SubProperty><ns2:Code>C_SUB_AUTOTOPUP_RECURRING</ns2:Code><ns2:Value>1</ns2:Value></ns2:SubProperty><ns2:SubProperty><ns2:Code>C_IOD_FLAG</ns2:Code><ns2:Value>0</ns2:Value></ns2:SubProperty><ns2:SubProperty><ns2:Code>C_ETU_BLACKLIST_DATE</ns2:Code><ns2:Value>0</ns2:Value></ns2:SubProperty><ns2:SubProperty><ns2:Code>C_APP_ACTIVE_USAGE</ns2:Code><ns2:Value>0</ns2:Value></ns2:SubProperty><ns2:SubProperty><ns2:Code>C_SUB_BARRINGCODE</ns2:Code><ns2:Value>99999999999</ns2:Value></ns2:SubProperty><ns2:SubProperty><ns2:Code>C_SUB_REFEREE_IDENTIFER</ns2:Code><ns2:Value></ns2:Value></ns2:SubProperty><ns2:SubProperty><ns2:Code>C_SUB_INTERROAM_CALL_RIGHT</ns2:Code><ns2:Value>0</ns2:Value></ns2:SubProperty><ns2:SubProperty><ns2:Code>C_SUB_ID</ns2:Code><ns2:Value>100040000000365748</ns2:Value></ns2:SubProperty></ns2:SubBasicInfo><ns2:UserCustomerKey>CTA00000236248</ns2:UserCustomerKey><ns2:SubIdentity><ns2:SubIdentityType>1</ns2:SubIdentityType><ns2:SubIdentity>3046010569</ns2:SubIdentity><ns2:PrimaryFlag>1</ns2:PrimaryFlag></ns2:SubIdentity><ns2:SubIdentity><ns2:SubIdentityType>2</ns2:SubIdentityType><ns2:SubIdentity>732111193280551</ns2:SubIdentity><ns2:PrimaryFlag>2</ns2:PrimaryFlag></ns2:SubIdentity><ns2:Brand>110</ns2:Brand><ns2:SubClass>1</ns2:SubClass><ns2:NetworkType>1</ns2:NetworkType><ns2:Status>2</ns2:Status><ns2:ConsumptionLimit><ns2:LimitType>C_CL_USAGE_NOROAM</ns2:LimitType><ns2:UnitType>M</ns2:UnitType><ns2:CurrencyID>1032</ns2:CurrencyID><ns2:LimitValue>0</ns2:LimitValue></ns2:ConsumptionLimit><ns3:StatusDetail>000000000000000000000000</ns3:StatusDetail><ns3:ActivationTime>20220711133009</ns3:ActivationTime><ns3:UserCustomer><ns3:CustKey>CTA00000236248</ns3:CustKey><ns3:CustInfo><ns2:CustType>1</ns2:CustType><ns2:CustNodeType>1</ns2:CustNodeType><ns2:CustClass>1</ns2:CustClass><ns2:CustCode>CBS100040000000364443</ns2:CustCode><ns2:CustBasicInfo><ns2:DFTWrittenLang>2002</ns2:DFTWrittenLang><ns2:DFTIVRLang>2002</ns2:DFTIVRLang><ns2:DunningFlag>1</ns2:DunningFlag><ns2:CustProperty><ns2:Code>C_Extend_Cust_Int_Attr8</ns2:Code><ns2:Value></ns2:Value></ns2:CustProperty><ns2:CustProperty><ns2:Code>C_CUSTOMER_TAX_RATE</ns2:Code><ns2:Value></ns2:Value></ns2:CustProperty><ns2:CustProperty><ns2:Code>C_Extend_Cust_Int_Attr9</ns2:Code><ns2:Value></ns2:Value></ns2:CustProperty><ns2:CustProperty><ns2:Code>C_CUST_BANKRUPTCY</ns2:Code><ns2:Value>N</ns2:Value></ns2:CustProperty><ns2:CustProperty><ns2:Code>C_Extend_Cust_Int_Attr10</ns2:Code><ns2:Value></ns2:Value></ns2:CustProperty><ns2:CustProperty><ns2:Code>C_Extend_Cust_Int_Attr4</ns2:Code><ns2:Value></ns2:Value></ns2:CustProperty><ns2:CustProperty><ns2:Code>C_Extend_Cust_Int_Attr5</ns2:Code><ns2:Value></ns2:Value></ns2:CustProperty><ns2:CustProperty><ns2:Code>C_Extend_Cust_Int_Attr6</ns2:Code><ns2:Value></ns2:Value></ns2:CustProperty><ns2:CustProperty><ns2:Code>C_Extend_Cust_Int_Attr7</ns2:Code><ns2:Value></ns2:Value></ns2:CustProperty><ns2:CustProperty><ns2:Code>C_LEGAL_CATEGORY</ns2:Code><ns2:Value></ns2:Value></ns2:CustProperty><ns2:CustProperty><ns2:Code>C_CONTRACT_ID</ns2:Code><ns2:Value></ns2:Value></ns2:CustProperty><ns2:CustProperty><ns2:Code>C_Extend_Cust_Int_Attr1</ns2:Code><ns2:Value></ns2:Value></ns2:CustProperty><ns2:CustProperty><ns2:Code>C_Extend_Cust_Int_Attr2</ns2:Code><ns2:Value></ns2:Value></ns2:CustProperty><ns2:CustProperty><ns2:Code>C_NEW_IC</ns2:Code><ns2:Value></ns2:Value></ns2:CustProperty><ns2:CustProperty><ns2:Code>C_Extend_Cust_Int_Attr3</ns2:Code><ns2:Value></ns2:Value></ns2:CustProperty><ns2:CustProperty><ns2:Code>C_REG_FLAG</ns2:Code><ns2:Value>N</ns2:Value></ns2:CustProperty><ns2:C"
13:42:34.541 [Test worker] DEBUG org.apache.http.wire -  << "[\r][\n]"
13:42:34.541 [Test worker] DEBUG org.apache.http.wire -  << "0fe8[\r][\n]"
13:42:34.541 [Test worker] DEBUG org.apache.http.wire -  << "ustProperty><ns2:Code>C_NRC</ns2:Code><ns2:Value></ns2:Value></ns2:CustProperty><ns2:CustProperty><ns2:Code>C_CUST_CATEGORY</ns2:Code><ns2:Value></ns2:Value></ns2:CustProperty><ns2:CustProperty><ns2:Code>C_CUST_SALT</ns2:Code><ns2:Value>4094F343D9D85222</ns2:Value></ns2:CustProperty><ns2:CustProperty><ns2:Code>C_EXTERNAL_CUST_"
13:42:34.541 [Test worker] DEBUG org.apache.http.wire -  << "ID</ns2:Code><ns2:Value></ns2:Value></ns2:CustProperty><ns2:CustProperty><ns2:Code>C_FRAUD_FLAG</ns2:Code><ns2:Value>N</ns2:Value></ns2:CustProperty><ns2:CustProperty><ns2:Code>C_CUST_MEDIA_FLAG</ns2:Code><ns2:Value>N</ns2:Value></ns2:CustProperty><ns2:CustProperty><ns2:Code>C_TAX_PAYER_IDENTIFICATION_NO</ns2:Code><ns2:Value></ns2:Value></ns2:CustProperty><ns2:CustProperty><ns2:Code>C_CUST_DECEASED</ns2:Code><ns2:Value>N</ns2:Value></ns2:CustProperty><ns2:CustProperty><ns2:Code>C_EVENING_PHONE</ns2:Code><ns2:Value></ns2:Value></ns2:CustProperty><ns2:CustProperty><ns2:Code>C_Extend_Cust_Str_Attr5</ns2:Code><ns2:Value></ns2:Value></ns2:CustProperty><ns2:CustProperty><ns2:Code>C_Extend_Cust_Str_Attr4</ns2:Code><ns2:Value></ns2:Value></ns2:CustProperty><ns2:CustProperty><ns2:Code>C_Extend_Cust_Str_Attr3</ns2:Code><ns2:Value></ns2:Value></ns2:CustProperty><ns2:CustProperty><ns2:Code>C_Extend_Cust_Str_Attr2</ns2:Code><ns2:Value></ns2:Value></ns2:CustProperty><ns2:CustProperty><ns2:Code>C_DAYTIME_PHONE</ns2:Code><ns2:Value></ns2:Value></ns2:CustProperty><ns2:CustProperty><ns2:Code>C_Extend_Cust_Str_Attr9</ns2:Code><ns2:Value></ns2:Value></ns2:CustProperty><ns2:CustProperty><ns2:Code>C_Extend_Cust_Str_Attr8</ns2:Code><ns2:Value></ns2:Value></ns2:CustProperty><ns2:CustProperty><ns2:Code>C_CUST_MARKETING_CONSENT</ns2:Code><ns2:Value>N</ns2:Value></ns2:CustProperty><ns2:CustProperty><ns2:Code>C_Extend_Cust_Str_Attr7</ns2:Code><ns2:Value></ns2:Value></ns2:CustProperty><ns2:CustProperty><ns2:Code>C_Extend_Cust_Str_Attr6</ns2:Code><ns2:Value></ns2:Value></ns2:CustProperty><ns2:CustProperty><ns2:Code>C_OLD_IC</ns2:Code><ns2:Value></ns2:Value></ns2:CustProperty><ns2:CustProperty><ns2:Code>C_Extend_Cust_Str_Attr1</ns2:Code><ns2:Value></ns2:Value></ns2:CustProperty><ns2:CustProperty><ns2:Code>C_Extend_Cust_Str_Attr10</ns2:Code><ns2:Value></ns2:Value></ns2:CustProperty><ns2:CustProperty><ns2:Code>C_CUST_BILLSUM</ns2:Code><ns2:Value>0</ns2:Value></ns2:CustProperty><ns2:CustProperty><ns2:Code>C_CORP_CUST_SEGMENT</ns2:Code><ns2:Value></ns2:Value></ns2:CustProperty><ns2:CustProperty><ns2:Code>C_ACCESSIBILITY_FLAG</ns2:Code><ns2:Value></ns2:Value></ns2:CustProperty><ns2:CustProperty><ns2:Code>C_CUST_BelToAreaID</ns2:Code><ns2:Value>101</ns2:Value></ns2:CustProperty><ns2:CustProperty><ns2:Code>C_CUST_ID</ns2:Code><ns2:Value>100040000000364443</ns2:Value></ns2:CustProperty></ns2:CustBasicInfo></ns3:CustInfo><ns3:IndividualInfo><ns2:IDType>6</ns2:IDType><ns2:IDNumber>970271477</ns2:IDNumber><ns2:FirstName>JOSE ANT</ns2:FirstName><ns2:LastName>PABON</ns2:LastName><ns2:HomePhone>3222345678</ns2:HomePhone><ns2:IndividualProperty><ns2:Code>C_MKT_P_STATUS</ns2:Code><ns2:Value>1</ns2:Value></ns2:IndividualProperty></ns3:IndividualInfo></ns3:UserCustomer></ns3:SubscriberInfo><ns3:PaymentMode>0</ns3:PaymentMode><ns3:PrimaryOffering><ns2:OfferingKey><ns2:OfferingID>110110367</ns2:OfferingID><ns2:PurchaseSeq>220494</ns2:PurchaseSeq></ns2:OfferingKey><ns2:BundledFlag>S</ns2:BundledFlag><ns2:OfferingClass>I</ns2:OfferingClass><ns2:Status>2</ns2:Status><ns2:ProductInst><ns2:ProductID>1010</ns2:ProductID><ns2:PrimaryFlag>A</ns2:PrimaryFlag><ns2:PackageFlag>A</ns2:PackageFlag><ns2:NetworkType>1</ns2:NetworkType><ns2:ProductType>4</ns2:ProductType></ns2:ProductInst><ns2:ProductInst><ns2:ProductID>1014</ns2:ProductID><ns2:PrimaryFlag>A</ns2:PrimaryFlag><ns2:PackageFlag>A</ns2:PackageFlag><ns2:NetworkType>1</ns2:NetworkType><ns2:ProductType>1</ns2:ProductType></ns2:ProductInst><ns2:ProductInst><ns2:ProductID>1042</ns2:ProductID><ns2:PrimaryFlag>A</ns2:PrimaryFlag><ns2:PackageFlag>A</ns2:PackageFlag><ns2:NetworkType>1</ns2:NetworkType><ns2:ProductType>1</ns2:ProductType></ns2:ProductInst><ns2:ProductInst><ns2:ProductID>1"
13:42:34.541 [Test worker] DEBUG org.apache.http.wire -  << "[\r][\n]"
13:42:34.541 [Test worker] DEBUG org.apache.http.wire -  << "0fe8[\r][\n]"
13:42:34.541 [Test worker] DEBUG org.apache.http.wire -  << "011</ns2:ProductID><ns2:PrimaryFlag>A</ns2:PrimaryFlag><ns2:PackageFlag>A</ns2:PackageFlag><ns2:NetworkType>1</ns2:NetworkType><ns2:ProductType>1</ns2:ProductType></ns2:ProductInst><ns2:ProductInst><ns2:ProductID>1822969218</ns2:ProductID><ns2:PrimaryFlag>A</ns2:PrimaryFlag><ns2:PackageFlag>A</ns2:PackageFlag><ns2:NetworkType>1</ns2:NetworkType><ns2:ProductType>1</ns2:ProductType></ns2:ProductInst><ns2:ProductInst><ns2:ProductID>1053</ns2:ProductID><ns2:PrimaryFlag>M</ns2:PrimaryFlag><ns2:PackageFlag>A</ns2:PackageFlag><ns2:NetworkType>1</ns2:NetworkType><ns2:ProductType>1</ns2:ProductType></ns2:ProductInst></ns3:PrimaryOffering></ns3:Subscriber><ns3:Account><ns3:AcctKey>PRE-8910011452</ns3:AcctKey><ns3:AcctInfo><ns3:AcctCode>CBS100040000000365749</ns3:AcctCode><ns3:UserCustomerKey>CTA00000236248</ns3:UserCustomerKey><ns3:UserCustomer><ns3:CustKey>CTA00000236248</ns3:CustKey><ns3:CustInfo><ns2:CustType>1</ns2:CustType><ns2:CustNodeType>1</ns2:CustNodeType><ns2:CustClass>1</ns2:CustClass><ns2:CustCode>CBS100040000000364443</ns2:CustCode><ns2:CustBasicInfo><ns2:DFTWrittenLang>2002</ns2:DFTWrittenLang><ns2:DFTIVRLang>2002</ns2:DFTIVRLang><ns2:DunningFlag>1</ns2:DunningFlag><ns2:CustProperty><ns2:Code>C_Extend_Cust_Int_Attr8</ns2:Code><ns2:Value></ns2:Value></ns2:CustProperty><ns2:CustProperty><ns2:Code>C_CUSTOMER_TAX_RATE</ns2:Code><ns2:Value></ns2:Value></ns2:CustProperty><ns2:CustProperty><ns2:Code>C_Extend_Cust_Int_Attr9</ns2:Code><ns2:Value></ns2:Value></ns2:CustProperty><ns2:CustProperty><ns2:Code>C_CUST_BANKRUPTCY</ns2:Code><ns2:Value>N</ns2:Value></ns2:CustProperty><ns2:CustProperty><ns2:Code>C_Extend_Cust_Int_Attr10</ns2:Code><ns2:Value></ns2:Value></ns2:CustProperty><ns2:CustProperty><ns2:Code>C_Extend_Cust_Int_Attr4</ns2:Code><ns2:Value></ns2:Value></ns2:CustProperty><ns2:CustProperty><ns2:Code>C_Extend_Cust_Int_Attr5</ns2:Code><ns2:Value></ns2:Value></ns2:CustProperty><ns2:CustProperty><ns2:Code>C_Extend_Cust_Int_Attr6</ns2:Code><ns2:Value></ns2:Value></ns2:CustProperty><ns2:CustProperty><ns2:Code>C_Extend_Cust_Int_Attr7</ns2:Code><ns2:Value></ns2:Value></ns2:CustProperty><ns2:CustProperty><ns2:Code>C_LEGAL_CATEGORY</ns2:Code><ns2:Value></ns2:Value></ns2:CustProperty><ns2:CustProperty><ns2:Code>C_CONTRACT_ID</ns2:Code><ns2:Value></ns2:Value></ns2:CustProperty><ns2:CustProperty><ns2:Code>C_Extend_Cust_Int_Attr1</ns2:Code><ns2:Value></ns2:Value></ns2:CustProperty><ns2:CustProperty><ns2:Code>C_Extend_Cust_Int_Attr2</ns2:Code><ns2:Value></ns2:Value></ns2:CustProperty><ns2:CustProperty><ns2:Code>C_NEW_IC</ns2:Code><ns2:Value></ns2:Value></ns2:CustProperty><ns2:CustProperty><ns2:Code>C_Extend_Cust_Int_Attr3</ns2:Code><ns2:Value></ns2:Value></ns2:CustProperty><ns2:CustProperty><ns2:Code>C_REG_FLAG</ns2:Code><ns2:Value>N</ns2:Value></ns2:CustProperty><ns2:CustProperty><ns2:Code>C_NRC</ns2:Code><ns2:Value></ns2:Value></ns2:CustProperty><ns2:CustProperty><ns2:Code>C_CUST_CATEGORY</ns2:Code><ns2:Value></ns2:Value></ns2:CustProperty><ns2:CustProperty><ns2:Code>C_CUST_SALT</ns2:Code><ns2:Value>4094F343D9D85222</ns2:Value></ns2:CustProperty><ns2:CustProperty><ns2:Code>C_EXTERNAL_CUST_ID</ns2:Code><ns2:Value></ns2:Value></ns2:CustProperty><ns2:CustProperty><ns2:Code>C_FRAUD_FLAG</ns2:Code><ns2:Value>N</ns2:Value></ns2:CustProperty><ns2:CustProperty><ns2:Code>C_CUST_MEDIA_FLAG</ns2:Code><ns2:Value>N</ns2:Value></ns2:CustProperty><ns2:CustProperty><ns2:Code>C_TAX_PAYER_IDENTIFICATION_NO</ns2:Code><ns2:Value></ns2:Value></ns2:CustProperty><ns2:CustProperty><ns2:Code>C_CUST_DECEASED</ns2:Code><ns2:Value>N</ns2:Value></ns2:CustProperty><ns2:CustProperty><ns2:Code>C_EVENING_PHONE</ns2:Code><ns2:Value></ns2:Value></ns2:CustProperty><ns2:CustProperty><ns2:Code>C_Extend_Cust_Str_Attr5</ns2:Code><ns2:Value></ns2:Value></ns2:CustProperty><ns2:CustProperty><ns2:Code>C_Extend_Cust_Str_Attr4</ns2:Code><ns2:Value></ns2:Value></ns2:CustProperty><ns2:CustProperty><ns2:Code>C_Extend_Cust_Str_Attr3</ns2:Code><ns2:Value></ns2:Value></ns2:CustProperty><ns2:CustProperty><ns2:Code>C_Extend_Cust_Str_Attr2</ns2:Code><ns2:Value><"
13:42:34.541 [Test worker] DEBUG org.apache.http.wire -  << "[\r][\n]"
13:42:34.541 [Test worker] DEBUG org.apache.http.wire -  << "0eb8[\r][\n]"
13:42:34.541 [Test worker] DEBUG org.apache.http.wire -  << "/ns2:Value></ns2:CustProperty><ns2:CustProperty><ns2:Code>C_DAYTIME_PHONE</ns2:Code><ns2:Value></ns2:Value></ns2:CustProperty><ns2:CustProperty><ns2:Code>C_Extend_Cust_Str_Attr9</ns2:Code><ns2:Value></ns2:Value></ns2:CustProperty><ns2:CustProperty><ns2:Code>C_Extend_Cust_Str_Attr8</ns2:Code><ns2:Value></ns2:Value></ns2:CustProperty><ns2:CustProperty><ns2:Code>C_CUST_MARKETING_CONSENT</ns2:Code><ns2:Value>N</ns2:Value></ns2:CustProperty><ns2:CustProperty><ns2:Code>C_Extend_Cust_Str_Attr7</ns2:Code><ns2:Value></ns2:Value></ns2:CustProperty><ns2:CustProperty><ns2:Code>C_Extend_Cust_Str_Attr6</ns2:Code><ns2:Value></ns2:Value></ns2:CustProperty><ns2:CustProperty><ns2:Code>C_OLD_IC</ns2:Code><ns2:Value></ns2:Value></ns2:CustProperty><ns2:CustProperty><ns2:Code>C_Extend_Cust_Str_Attr1</ns2:Code><ns2:Value></ns2:Value></ns2:CustProperty><ns2:CustProperty><ns2:Code>C_Extend_Cust_Str_Attr10</ns2:Code><ns2:Value></ns2:Value></ns2:CustProperty><ns2:CustProperty><ns2:Code>C_CUST_BILLSUM</ns2:Code><ns2:Value>0</ns2:Value></ns2:CustProperty><ns2:CustProperty><ns2:Code>C_CORP_CUST_SEGMENT</ns2:Code><ns2:Value></ns2:Value></ns2:CustProperty><ns2:CustProperty><ns2:Code>C_ACCESSIBILITY_FLAG</ns2:Code><ns2:Value></ns2:Value></ns2:CustProperty><ns2:CustProperty><ns2:Code>C_CUST_BelToAreaID</ns2:Code><ns2:Value>101</ns2:Value></ns2:CustProperty><ns2:CustProperty><ns2:Code>C_CUST_ID</ns2:Code><ns2:Value>100040000000364443</ns2:Value></ns2:CustProperty></ns2:CustBasicInfo></ns3:CustInfo><ns3:IndividualInfo><ns2:IDType>6</ns2:IDType><ns2:IDNumber>970271477</ns2:IDNumber><ns2:FirstName>JOSE ANT</ns2:FirstName><ns2:LastName>PABON</ns2:LastName><ns2:HomePhone>3222345678</ns2:HomePhone><ns2:IndividualProperty><ns2:Code>C_MKT_P_STATUS</ns2:Code><ns2:Value>1</ns2:Value></ns2:IndividualProperty></ns3:IndividualInfo></ns3:UserCustomer><ns3:RootAcctKey>PRE-8910011452</ns3:RootAcctKey><ns3:AcctBasicInfo><ns2:BillLang>2002</ns2:BillLang><ns2:DunningFlag>1</ns2:DunningFlag><ns2:LateFeeChargeable>N</ns2:LateFeeChargeable><ns2:RedlistFlag>0</ns2:RedlistFlag><ns2:ContactInfo><ns2:FirstName>JOSE ANT</ns2:FirstName><ns2:LastName>PABON</ns2:LastName><ns2:AddressKey>da4a864e5141a0eab19edc50a559a769</ns2:AddressKey><ns2:HomePhone>3222345678</ns2:HomePhone><ns2:MobilePhone>3046010569</ns2:MobilePhone></ns2:ContactInfo><ns2:AcctProperty><ns2:Code>C_ACCOUNT_INFO_5</ns2:Code><ns2:Value></ns2:Value></ns2:AcctProperty><ns2:AcctProperty><ns2:Code>C_GRP_IND_ACCT</ns2:Code><ns2:Value></ns2:Value></ns2:AcctProperty><ns2:AcctProperty><ns2:Code>C_INIT_BALANCE</ns2:Code><ns2:Value></ns2:Value></ns2:AcctProperty><ns2:AcctProperty><ns2:Code>C_ACCOUNT_INFO_3</ns2:Code><ns2:Value></ns2:Value></ns2:AcctProperty><ns2:AcctProperty><ns2:Code>C_ACCOUNT_INFO_4</ns2:Code><ns2:Value></ns2:Value></ns2:AcctProperty><ns2:AcctProperty><ns2:Code>C_Extend_Acct_Int_Attr1</ns2:Code><ns2:Value></ns2:Value></ns2:AcctProperty><ns2:AcctProperty><ns2:Code>C_Extend_Acct_Int_Attr2</ns2:Code><ns2:Value></ns2:Value></ns2:AcctProperty><ns2:AcctProperty><ns2:Code>C_Extend_Acct_Int_Attr3</ns2:Code><ns2:Value></ns2:Value></ns2:AcctProperty><ns2:AcctProperty><ns2:Code>C_POINT_ACCM_FLAG</ns2:Code><ns2:Value>1</ns2:Value></ns2:AcctProperty><ns2:AcctProperty><ns2:Code>C_RTN</ns2:Code><ns2:Value></ns2:Value></ns2:AcctProperty><ns2:AcctProperty><ns2:Code>C_BILLING_GROUP_NO</ns2:Code><ns2:Value></ns2:Value></ns2:AcctProperty><ns2:AcctProperty><ns2:Code>C_GRACE_PERIOD</ns2:Code><ns2:Value></ns2:Value></ns2:AcctProperty><ns2:AcctProperty><ns2:Code>C_BILL_TYPE</ns2:Code><ns2:Value>T</ns2:Value></ns2:AcctProperty><ns2:AcctProperty><ns2:Code>C_TAX_CORRELATIVE_TYPE</ns2:Code><ns2:Value></ns2:Value></ns2:AcctProperty><ns2:AcctProperty><ns2:Code>C_ACCOUNT_CATEGORY</ns2:Code><ns2:Value>0</ns2:Value></ns2"
13:42:34.541 [Test worker] DEBUG org.apache.http.wire -  << "[\r][\n]"
13:42:34.541 [Test worker] DEBUG org.apache.http.wire -  << "0fe8[\r][\n]"
13:42:34.541 [Test worker] DEBUG org.apache.http.wire -  << ":AcctProperty><ns2:AcctProperty><ns2:Code>C_IS_VPN_ACCT_SUSPEND</ns2:Code><ns2:Value>0</ns2:Value></ns2:AcctProperty><ns2:AcctProperty><ns2:Code>C_BUSINESS_TYPE</ns2:Code><ns2:Value>0</ns2:Value></ns2:AcctProperty><ns2:AcctProperty><ns2:Code>C_Extend_Acct_Int_Attr4</ns2:Code><ns2:Value></ns2:Value></ns2:AcctProperty><ns2:AcctP"
13:42:34.541 [Test worker] DEBUG org.apache.http.wire -  << "roperty><ns2:Code>C_Extend_Acct_Int_Attr5</ns2:Code><ns2:Value></ns2:Value></ns2:AcctProperty><ns2:AcctProperty><ns2:Code>C_FRAUD_WRITEOFF_FLAG</ns2:Code><ns2:Value>N</ns2:Value></ns2:AcctProperty><ns2:AcctProperty><ns2:Code>C_Extend_Acct_Int_Attr6</ns2:Code><ns2:Value></ns2:Value></ns2:AcctProperty><ns2:AcctProperty><ns2:Code>C_Extend_Acct_Int_Attr7</ns2:Code><ns2:Value></ns2:Value></ns2:AcctProperty><ns2:AcctProperty><ns2:Code>C_IMG_IDX</ns2:Code><ns2:Value></ns2:Value></ns2:AcctProperty><ns2:AcctProperty><ns2:Code>C_Extend_Acct_Int_Attr8</ns2:Code><ns2:Value></ns2:Value></ns2:AcctProperty><ns2:AcctProperty><ns2:Code>C_ACCOUNT_INFO_1</ns2:Code><ns2:Value></ns2:Value></ns2:AcctProperty><ns2:AcctProperty><ns2:Code>C_MCF_SELECTED</ns2:Code><ns2:Value>1</ns2:Value></ns2:AcctProperty><ns2:AcctProperty><ns2:Code>C_Extend_Acct_Int_Attr9</ns2:Code><ns2:Value></ns2:Value></ns2:AcctProperty><ns2:AcctProperty><ns2:Code>C_VERIFICATION_DIGIT</ns2:Code><ns2:Value></ns2:Value></ns2:AcctProperty><ns2:AcctProperty><ns2:Code>C_ACCOUNT_INFO_2</ns2:Code><ns2:Value></ns2:Value></ns2:AcctProperty><ns2:AcctProperty><ns2:Code>C_PRI_SUB_ID</ns2:Code><ns2:Value></ns2:Value></ns2:AcctProperty><ns2:AcctProperty><ns2:Code>C_DVD_IDX</ns2:Code><ns2:Value>N</ns2:Value></ns2:AcctProperty><ns2:AcctProperty><ns2:Code>C_Extend_Acct_Str_Attr1</ns2:Code><ns2:Value></ns2:Value></ns2:AcctProperty><ns2:AcctProperty><ns2:Code>C_POINT_EXCHANGE_FLAG</ns2:Code><ns2:Value>0</ns2:Value></ns2:AcctProperty><ns2:AcctProperty><ns2:Code>C_ACCT_AUTOPAY_FAILCOUNTER</ns2:Code><ns2:Value>0</ns2:Value></ns2:AcctProperty><ns2:AcctProperty><ns2:Code>C_NIT</ns2:Code><ns2:Value></ns2:Value></ns2:AcctProperty><ns2:AcctProperty><ns2:Code>C_CONTRACT_NUMBER</ns2:Code><ns2:Value></ns2:Value></ns2:AcctProperty><ns2:AcctProperty><ns2:Code>C_PAY_INTIME_DATE</ns2:Code><ns2:Value></ns2:Value></ns2:AcctProperty><ns2:AcctProperty><ns2:Code>C_OVER_DRAFT_FOR_PREPAID</ns2:Code><ns2:Value></ns2:Value></ns2:AcctProperty><ns2:AcctProperty><ns2:Code>C_ACCOUNT_TAX_EXEMPTION</ns2:Code><ns2:Value>0</ns2:Value></ns2:AcctProperty><ns2:AcctProperty><ns2:Code>C_ACCT_BILLFLAG</ns2:Code><ns2:Value>0</ns2:Value></ns2:AcctProperty><ns2:AcctProperty><ns2:Code>C_DUNNING_EXCEPTION_LIST</ns2:Code><ns2:Value>0000</ns2:Value></ns2:AcctProperty><ns2:AcctProperty><ns2:Code>C_MARKETING_CATEGORY</ns2:Code><ns2:Value></ns2:Value></ns2:AcctProperty><ns2:AcctProperty><ns2:Code>C_SOCIETY</ns2:Code><ns2:Value></ns2:Value></ns2:AcctProperty><ns2:AcctProperty><ns2:Code>C_DDI_STATUS</ns2:Code><ns2:Value></ns2:Value></ns2:AcctProperty><ns2:AcctProperty><ns2:Code>C_Extend_Acct_Str_Attr10</ns2:Code><ns2:Value></ns2:Value></ns2:AcctProperty><ns2:AcctProperty><ns2:Code>C_Extend_Acct_Str_Attr9</ns2:Code><ns2:Value></ns2:Value></ns2:AcctProperty><ns2:AcctProperty><ns2:Code>C_ECONOMIC_STRATUM</ns2:Code><ns2:Value></ns2:Value></ns2:AcctProperty><ns2:AcctProperty><ns2:Code>C_Extend_Acct_Str_Attr8</ns2:Code><ns2:Value></ns2:Value></ns2:AcctProperty><ns2:AcctProperty><ns2:Code>C_Extend_Acct_Str_Attr7</ns2:Code><ns2:Value></ns2:Value></ns2:AcctProperty><ns2:AcctProperty><ns2:Code>C_Extend_Acct_Str_Attr6</ns2:Code><ns2:Value></ns2:Value></ns2:AcctProperty><ns2:AcctProperty><ns2:Code>C_Extend_Acct_Str_Attr5</ns2:Code><ns2:Value></ns2:Value></ns2:AcctProperty><ns2:AcctProperty><ns2:Code>C_BILL_CONFIRM</ns2:Code><ns2:Value>N</ns2:Value></ns2:AcctProperty><ns2:AcctProperty><ns2:Code>C_Extend_Acct_Str_Attr4</ns2:Code><ns2:Value></ns2:Value></ns2:AcctProperty><ns2:AcctProperty><ns2:Code>C_Extend_Acct_Str_Attr3</ns2:Code><ns2:Value></ns2:Value></ns2:AcctProperty><ns2:AcctProperty><ns2:Code>C_ACCT_STATUS</ns2:Code><ns2:Value>0</ns2:Value></ns2:AcctProperty><ns2:AcctProperty><ns2:Code>C_Extend_Acct_Str_"
13:42:34.541 [Test worker] DEBUG org.apache.http.wire -  << "[\r][\n]"
13:42:34.541 [Test worker] DEBUG org.apache.http.wire -  << "0d6e[\r][\n]"
13:42:34.541 [Test worker] DEBUG org.apache.http.wire -  << "Attr2</ns2:Code><ns2:Value></ns2:Value></ns2:AcctProperty><ns2:AcctProperty><ns2:Code>C_Extend_Acct_Int_Attr10</ns2:Code><ns2:Value></ns2:Value></ns2:AcctProperty><ns2:AcctProperty><ns2:Code>C_ACCOUNT_RELIABILITY</ns2:Code><ns2:Value></ns2:Value></ns2:AcctProperty><ns2:AcctProperty><ns2:Code>C_COLLECTION_CATEGORY</ns2:Code><ns2:Value></ns2:Value></ns2:AcctProperty><ns2:AcctProperty><ns2:Code>C_CITY</ns2:Code><ns2:Value></ns2:Value></ns2:AcctProperty><ns2:AcctProperty><ns2:Code>C_ACCOUNT_MANDATE_CODE</ns2:Code><ns2:Value></ns2:Value></ns2:AcctProperty><ns2:AcctProperty><ns2:Code>C_PROVINCE</ns2:Code><ns2:Value></ns2:Value></ns2:AcctProperty><ns2:AcctProperty><ns2:Code>C_RFC</ns2:Code><ns2:Value></ns2:Value></ns2:AcctProperty><ns2:AcctProperty><ns2:Code>C_CLAIM_FLAG</ns2:Code><ns2:Value>N</ns2:Value></ns2:AcctProperty><ns2:AcctProperty><ns2:Code>C_ROUTEID</ns2:Code><ns2:Value></ns2:Value></ns2:AcctProperty><ns2:AcctProperty><ns2:Code>C_SUC_AUTOPAY_DATE</ns2:Code><ns2:Value></ns2:Value></ns2:AcctProperty><ns2:AcctProperty><ns2:Code>C_POINT_DISTRIBUTE_RATE</ns2:Code><ns2:Value>0</ns2:Value></ns2:AcctProperty><ns2:AcctProperty><ns2:Code>C_ROAM_ACCT_ORDER_SEND</ns2:Code><ns2:Value>0</ns2:Value></ns2:AcctProperty><ns2:AcctProperty><ns2:Code>C_DD_REFERENCE</ns2:Code><ns2:Value></ns2:Value></ns2:AcctProperty><ns2:AcctProperty><ns2:Code>C_TERRITORY</ns2:Code><ns2:Value></ns2:Value></ns2:AcctProperty><ns2:AcctProperty><ns2:Code>C_CHG_ACCT_STATUS</ns2:Code><ns2:Value>0</ns2:Value></ns2:AcctProperty><ns2:AcctProperty><ns2:Code>C_DUE_DATE_TYPE</ns2:Code><ns2:Value></ns2:Value></ns2:AcctProperty><ns2:AcctProperty><ns2:Code>C_CREDIT_RECALCULATION_FLAG</ns2:Code><ns2:Value>N</ns2:Value></ns2:AcctProperty><ns2:AcctProperty><ns2:Code>C_BUSINESS_UNIT</ns2:Code><ns2:Value></ns2:Value></ns2:AcctProperty><ns2:AcctProperty><ns2:Code>C_OTHER_CARRIER</ns2:Code><ns2:Value>0</ns2:Value></ns2:AcctProperty><ns2:AcctProperty><ns2:Code>C_LATEFEE_FLAG</ns2:Code><ns2:Value>N</ns2:Value></ns2:AcctProperty><ns2:AcctProperty><ns2:Code>C_REF_A</ns2:Code><ns2:Value></ns2:Value></ns2:AcctProperty><ns2:AcctProperty><ns2:Code>C_BILL_DISPATCH_CODE</ns2:Code><ns2:Value></ns2:Value></ns2:AcctProperty><ns2:AcctProperty><ns2:Code>C_REF_B</ns2:Code><ns2:Value></ns2:Value></ns2:AcctProperty><ns2:AcctProperty><ns2:Code>C_ACCTCYCLELENGTH</ns2:Code><ns2:Value>1</ns2:Value></ns2:AcctProperty><ns2:AcctProperty><ns2:Code>C_PRI_SUB_IDENTIFIER</ns2:Code><ns2:Value></ns2:Value></ns2:AcctProperty><ns2:AcctProperty><ns2:Code>C_DCA_NAME</ns2:Code><ns2:Value></ns2:Value></ns2:AcctProperty><ns2:AcctProperty><ns2:Code>C_ACCT_ID</ns2:Code><ns2:Value>100040000000365749</ns2:Value></ns2:AcctProperty></ns3:AcctBasicInfo><ns3:BillCycleType>01</ns3:BillCycleType><ns3:AcctType>1</ns3:AcctType><ns3:PaymentType>0</ns3:PaymentType><ns3:AcctClass>1</ns3:AcctClass><ns3:CurrencyID>1032</ns3:CurrencyID><ns3:AcctPayMethod>1</ns3:AcctPayMethod><ns3:AddressInfo><ns2:AddressKey>da4a864e5141a0eab19edc50a559a769</ns2:AddressKey><ns2:Address1>Carrera 48 55-23</ns2:Address1><ns2:Address5>66001</ns2:Address5><ns2:Address6>66</ns2:Address6><ns2:Address7>Centro</ns2:Address7><ns2:Address8>Colombia</ns2:Address8></ns3:AddressInfo><ns3:BillCycleOpenDate>20220701000000</ns3:BillCycleOpenDate><ns3:BillCycleEndDate>20220801000000</ns3:BillCycleEndDate></ns3:AcctInfo></ns3:Account></QueryCustomerInfoResult></return></ns4:queryCustomerInfoResponse></S:Body></S:Envelope>"
13:42:34.541 [Test worker] DEBUG org.apache.http.wire -  << "[\r][\n]"
13:42:34.541 [Test worker] DEBUG org.apache.http.wire -  << "0000[\r][\n]"
13:42:34.541 [Test worker] DEBUG org.apache.http.wire -  << "[\r][\n]"
13:42:34.541 [Test worker] DEBUG org.apache.http.impl.conn.BasicClientConnectionManager - Releasing connection org.apache.http.impl.conn.ManagedClientConnectionImpl@2153bead
13:42:34.541 [Test worker] DEBUG org.apache.http.impl.conn.BasicClientConnectionManager - Connection can be kept alive indefinitely
13:42:34.557 [Test worker] DEBUG org.apache.http.impl.conn.BasicClientConnectionManager - Get connection for route {}->http://10.65.45.14:7001
13:42:34.557 [Test worker] DEBUG org.apache.http.impl.conn.DefaultClientConnectionOperator - Connecting to 10.65.45.14:7001
13:42:34.573 [Test worker] DEBUG org.apache.http.client.protocol.RequestAddCookies - CookieSpec selected: ignoreCookies
13:42:34.573 [Test worker] DEBUG org.apache.http.client.protocol.RequestAuthCache - Auth cache not set in the context
13:42:34.573 [Test worker] DEBUG org.apache.http.client.protocol.RequestTargetAuthentication - Target auth state: UNCHALLENGED
13:42:34.573 [Test worker] DEBUG org.apache.http.client.protocol.RequestProxyAuthentication - Proxy auth state: UNCHALLENGED
13:42:34.573 [Test worker] DEBUG org.apache.http.impl.client.DefaultHttpClient - Attempt 1 to execute request
13:42:34.573 [Test worker] DEBUG org.apache.http.impl.conn.DefaultClientConnection - Sending request: POST /gatewaymgint/GatewayMGWSInt HTTP/1.1
13:42:34.573 [Test worker] DEBUG org.apache.http.wire -  >> "POST /gatewaymgint/GatewayMGWSInt HTTP/1.1[\r][\n]"
13:42:34.573 [Test worker] DEBUG org.apache.http.wire -  >> "Accept: */*[\r][\n]"
13:42:34.573 [Test worker] DEBUG org.apache.http.wire -  >> "Content-Type: text/xml;charset=UTF-8[\r][\n]"
13:42:34.573 [Test worker] DEBUG org.apache.http.wire -  >> "Content-Length: 479[\r][\n]"
13:42:34.573 [Test worker] DEBUG org.apache.http.wire -  >> "Host: 10.65.45.14:7001[\r][\n]"
13:42:34.573 [Test worker] DEBUG org.apache.http.wire -  >> "Connection: Keep-Alive[\r][\n]"
13:42:34.573 [Test worker] DEBUG org.apache.http.wire -  >> "User-Agent: Apache-HttpClient/4.5.9 (Java/1.8.0_301)[\r][\n]"
13:42:34.573 [Test worker] DEBUG org.apache.http.wire -  >> "Accept-Encoding: gzip,deflate[\r][\n]"
13:42:34.573 [Test worker] DEBUG org.apache.http.wire -  >> "[\r][\n]"
13:42:34.573 [Test worker] DEBUG org.apache.http.headers - >> POST /gatewaymgint/GatewayMGWSInt HTTP/1.1
13:42:34.573 [Test worker] DEBUG org.apache.http.headers - >> Accept: */*
13:42:34.573 [Test worker] DEBUG org.apache.http.headers - >> Content-Type: text/xml;charset=UTF-8
13:42:34.573 [Test worker] DEBUG org.apache.http.headers - >> Content-Length: 479
13:42:34.573 [Test worker] DEBUG org.apache.http.headers - >> Host: 10.65.45.14:7001
13:42:34.573 [Test worker] DEBUG org.apache.http.headers - >> Connection: Keep-Alive
13:42:34.573 [Test worker] DEBUG org.apache.http.headers - >> User-Agent: Apache-HttpClient/4.5.9 (Java/1.8.0_301)
13:42:34.573 [Test worker] DEBUG org.apache.http.headers - >> Accept-Encoding: gzip,deflate
13:42:34.573 [Test worker] DEBUG org.apache.http.wire -  >> "<soapenv:Envelope xmlns:soapenv="http://schemas.xmlsoap.org/soap/envelope/" xmlns:web="http://webservices.gatewaymg.tigo.com.co/">[\n]"
13:42:34.573 [Test worker] DEBUG org.apache.http.wire -  >> "   <soapenv:Header/>[\n]"
13:42:34.573 [Test worker] DEBUG org.apache.http.wire -  >> "   <soapenv:Body>[\n]"
13:42:34.573 [Test worker] DEBUG org.apache.http.wire -  >> "      <web:uninstallSubscription>[\n]"
13:42:34.573 [Test worker] DEBUG org.apache.http.wire -  >> "         <!--Optional:-->[\n]"
13:42:34.573 [Test worker] DEBUG org.apache.http.wire -  >> "         <arg0>[\n]"
13:42:34.573 [Test worker] DEBUG org.apache.http.wire -  >> "            <!--Optional:-->[\n]"
13:42:34.573 [Test worker] DEBUG org.apache.http.wire -  >> "            <msisdn>3046010569</msisdn>[\n]"
13:42:34.573 [Test worker] DEBUG org.apache.http.wire -  >> "            <!--Optional:-->[\n]"
13:42:34.573 [Test worker] DEBUG org.apache.http.wire -  >> "            <transactionId>?</transactionId>[\n]"
13:42:34.573 [Test worker] DEBUG org.apache.http.wire -  >> "         </arg0>[\n]"
13:42:34.573 [Test worker] DEBUG org.apache.http.wire -  >> "      </web:uninstallSubscription>[\n]"
13:42:34.573 [Test worker] DEBUG org.apache.http.wire -  >> "   </soapenv:Body>[\n]"
13:42:34.573 [Test worker] DEBUG org.apache.http.wire -  >> "</soapenv:Envelope>"
13:42:34.790 [Test worker] DEBUG org.apache.http.wire -  << "HTTP/1.1 200 OK[\r][\n]"
13:42:34.790 [Test worker] DEBUG org.apache.http.wire -  << "Date: Mon, 11 Jul 2022 18:48:13 GMT[\r][\n]"
13:42:34.790 [Test worker] DEBUG org.apache.http.wire -  << "Transfer-Encoding: chunked[\r][\n]"
13:42:34.790 [Test worker] DEBUG org.apache.http.wire -  << "Content-Type: text/xml; charset=utf-8[\r][\n]"
13:42:34.790 [Test worker] DEBUG org.apache.http.wire -  << "X-Powered-By: Servlet/2.5 JSP/2.1[\r][\n]"
13:42:34.790 [Test worker] DEBUG org.apache.http.wire -  << "[\r][\n]"
13:42:34.790 [Test worker] DEBUG org.apache.http.impl.conn.DefaultClientConnection - Receiving response: HTTP/1.1 200 OK
13:42:34.790 [Test worker] DEBUG org.apache.http.headers - << HTTP/1.1 200 OK
13:42:34.790 [Test worker] DEBUG org.apache.http.headers - << Date: Mon, 11 Jul 2022 18:48:13 GMT
13:42:34.790 [Test worker] DEBUG org.apache.http.headers - << Transfer-Encoding: chunked
13:42:34.790 [Test worker] DEBUG org.apache.http.headers - << Content-Type: text/xml; charset=utf-8
13:42:34.790 [Test worker] DEBUG org.apache.http.headers - << X-Powered-By: Servlet/2.5 JSP/2.1
13:42:34.790 [Test worker] DEBUG org.apache.http.impl.client.DefaultHttpClient - Connection can be kept alive indefinitely
13:42:34.790 [Test worker] DEBUG io.restassured.internal.RequestSpecificationImpl$RestAssuredHttpBuilder - Parsing response as: text/xml; charset=utf-8
13:42:34.790 [Test worker] DEBUG io.restassured.internal.RequestSpecificationImpl$RestAssuredHttpBuilder - Parsed data to instance of: class org.apache.http.conn.EofSensorInputStream
13:42:34.790 [Test worker] DEBUG org.apache.http.wire -  << "014d[\r][\n]"
13:42:34.790 [Test worker] DEBUG org.apache.http.wire -  << "<?xml version='1.0' encoding='UTF-8'?><S:Envelope xmlns:S="http://schemas.xmlsoap.org/soap/envelope/"><S:Body><ns2:uninstallSubscriptionResponse xmlns:ns2="http://webservices.gatewaymg.tigo.com.co/"><return><authorizationNumber>5293389811966893</authorizationNumber></return></ns2:uninstallSubscriptionResponse></S:Body></S:Envelope>"
13:42:34.790 [Test worker] DEBUG org.apache.http.wire -  << "[\r][\n]"
13:42:34.790 [Test worker] DEBUG org.apache.http.wire -  << "0000[\r][\n]"
13:42:34.790 [Test worker] DEBUG org.apache.http.wire -  << "[\r][\n]"
13:42:34.790 [Test worker] DEBUG org.apache.http.impl.conn.BasicClientConnectionManager - Releasing connection org.apache.http.impl.conn.ManagedClientConnectionImpl@668eff12
13:42:34.790 [Test worker] DEBUG org.apache.http.impl.conn.BasicClientConnectionManager - Connection can be kept alive indefinitely
13:42:34.958 [Finalizer] DEBUG org.apache.http.impl.conn.DefaultClientConnection - Connection 0.0.0.0:62326<->10.65.45.14:7001 closed
13:42:34.974 [Finalizer] DEBUG org.apache.http.impl.conn.DefaultClientConnection - Connection 0.0.0.0:62325<->10.65.45.14:7001 closed
se ejecuta correctamente DB Activator
se ejecuta correctamente  DB EPOS
se ejecuta correctamente DB Siebel
se ejecuta correctamente DB Postale
13:42:40.757 [Test worker] DEBUG org.apache.http.impl.conn.BasicClientConnectionManager - Get connection for route {}->http://10.65.45.14:7001
13:42:40.757 [Test worker] DEBUG org.apache.http.impl.conn.DefaultClientConnectionOperator - Connecting to 10.65.45.14:7001
13:42:40.790 [Test worker] DEBUG org.apache.http.client.protocol.RequestAddCookies - CookieSpec selected: ignoreCookies
13:42:40.790 [Test worker] DEBUG org.apache.http.client.protocol.RequestAuthCache - Auth cache not set in the context
13:42:40.790 [Test worker] DEBUG org.apache.http.client.protocol.RequestTargetAuthentication - Target auth state: UNCHALLENGED
13:42:40.790 [Test worker] DEBUG org.apache.http.client.protocol.RequestProxyAuthentication - Proxy auth state: UNCHALLENGED
13:42:40.790 [Test worker] DEBUG org.apache.http.impl.client.DefaultHttpClient - Attempt 1 to execute request
13:42:40.790 [Test worker] DEBUG org.apache.http.impl.conn.DefaultClientConnection - Sending request: POST /gatewaycbs/BcServicesInt?WSDL HTTP/1.1
13:42:40.790 [Test worker] DEBUG org.apache.http.wire -  >> "POST /gatewaycbs/BcServicesInt?WSDL HTTP/1.1[\r][\n]"
13:42:40.790 [Test worker] DEBUG org.apache.http.wire -  >> "Accept: */*[\r][\n]"
13:42:40.790 [Test worker] DEBUG org.apache.http.wire -  >> "Content-Type: text/xml;charset=UTF-8[\r][\n]"
13:42:40.790 [Test worker] DEBUG org.apache.http.wire -  >> "Content-Length: 748[\r][\n]"
13:42:40.790 [Test worker] DEBUG org.apache.http.wire -  >> "Host: 10.65.45.14:7001[\r][\n]"
13:42:40.790 [Test worker] DEBUG org.apache.http.wire -  >> "Connection: Keep-Alive[\r][\n]"
13:42:40.790 [Test worker] DEBUG org.apache.http.wire -  >> "User-Agent: Apache-HttpClient/4.5.9 (Java/1.8.0_301)[\r][\n]"
13:42:40.790 [Test worker] DEBUG org.apache.http.wire -  >> "Accept-Encoding: gzip,deflate[\r][\n]"
13:42:40.790 [Test worker] DEBUG org.apache.http.wire -  >> "[\r][\n]"
13:42:40.790 [Test worker] DEBUG org.apache.http.headers - >> POST /gatewaycbs/BcServicesInt?WSDL HTTP/1.1
13:42:40.790 [Test worker] DEBUG org.apache.http.headers - >> Accept: */*
13:42:40.790 [Test worker] DEBUG org.apache.http.headers - >> Content-Type: text/xml;charset=UTF-8
13:42:40.790 [Test worker] DEBUG org.apache.http.headers - >> Content-Length: 748
13:42:40.790 [Test worker] DEBUG org.apache.http.headers - >> Host: 10.65.45.14:7001
13:42:40.790 [Test worker] DEBUG org.apache.http.headers - >> Connection: Keep-Alive
13:42:40.790 [Test worker] DEBUG org.apache.http.headers - >> User-Agent: Apache-HttpClient/4.5.9 (Java/1.8.0_301)
13:42:40.790 [Test worker] DEBUG org.apache.http.headers - >> Accept-Encoding: gzip,deflate
13:42:40.790 [Test worker] DEBUG org.apache.http.wire -  >> "<soapenv:Envelope xmlns:bcc="http://www.huawei.com/bme/cbsinterface/bccommon" xmlns:bcs="http://www.huawei.com/bme/cbsinterface/bcservices" xmlns:ws="http://ws.web.gatewaycbs.tigo.com.co/" xmlns:soapenv="http://schemas.xmlsoap.org/soap/envelope/">[\n]"
13:42:40.790 [Test worker] DEBUG org.apache.http.wire -  >> "   <soapenv:Header/>[\n]"
13:42:40.790 [Test worker] DEBUG org.apache.http.wire -  >> "   <soapenv:Body>[\n]"
13:42:40.790 [Test worker] DEBUG org.apache.http.wire -  >> "      <ws:queryCustomerInfo>[\n]"
13:42:40.790 [Test worker] DEBUG org.apache.http.wire -  >> "         <!--Optional:-->[\n]"
13:42:40.790 [Test worker] DEBUG org.apache.http.wire -  >> "         <QueryCustomerInfoRequest>[\n]"
13:42:40.790 [Test worker] DEBUG org.apache.http.wire -  >> "            <bcs:QueryObj>[\n]"
13:42:40.790 [Test worker] DEBUG org.apache.http.wire -  >> "               <!--Optional:-->[\n]"
13:42:40.790 [Test worker] DEBUG org.apache.http.wire -  >> "               <bcs:SubAccessCode>[\n]"
13:42:40.790 [Test worker] DEBUG org.apache.http.wire -  >> "                  <!--Optional:-->[\n]"
13:42:40.790 [Test worker] DEBUG org.apache.http.wire -  >> "                  <bcc:PrimaryIdentity>3046008586</bcc:PrimaryIdentity>[\n]"
13:42:40.790 [Test worker] DEBUG org.apache.http.wire -  >> "               </bcs:SubAccessCode>[\n]"
13:42:40.792 [Test worker] DEBUG org.apache.http.wire -  >> "            </bcs:QueryObj>[\n]"
13:42:40.792 [Test worker] DEBUG org.apache.http.wire -  >> "         </QueryCustomerInfoRequest>[\n]"
13:42:40.792 [Test worker] DEBUG org.apache.http.wire -  >> "      </ws:queryCustomerInfo>[\n]"
13:42:40.792 [Test worker] DEBUG org.apache.http.wire -  >> "   </soapenv:Body>[\n]"
13:42:40.792 [Test worker] DEBUG org.apache.http.wire -  >> "</soapenv:Envelope>"
13:42:40.906 [Test worker] DEBUG org.apache.http.wire -  << "HTTP/1.1 200 OK[\r][\n]"
13:42:40.906 [Test worker] DEBUG org.apache.http.wire -  << "Date: Mon, 11 Jul 2022 18:48:19 GMT[\r][\n]"
13:42:40.906 [Test worker] DEBUG org.apache.http.wire -  << "Transfer-Encoding: chunked[\r][\n]"
13:42:40.906 [Test worker] DEBUG org.apache.http.wire -  << "Content-Type: text/xml; charset=utf-8[\r][\n]"
13:42:40.906 [Test worker] DEBUG org.apache.http.wire -  << "X-Powered-By: Servlet/2.5 JSP/2.1[\r][\n]"
13:42:40.906 [Test worker] DEBUG org.apache.http.wire -  << "[\r][\n]"
13:42:40.906 [Test worker] DEBUG org.apache.http.impl.conn.DefaultClientConnection - Receiving response: HTTP/1.1 200 OK
13:42:40.906 [Test worker] DEBUG org.apache.http.headers - << HTTP/1.1 200 OK
13:42:40.906 [Test worker] DEBUG org.apache.http.headers - << Date: Mon, 11 Jul 2022 18:48:19 GMT
13:42:40.906 [Test worker] DEBUG org.apache.http.headers - << Transfer-Encoding: chunked
13:42:40.906 [Test worker] DEBUG org.apache.http.headers - << Content-Type: text/xml; charset=utf-8
13:42:40.906 [Test worker] DEBUG org.apache.http.headers - << X-Powered-By: Servlet/2.5 JSP/2.1
13:42:40.906 [Test worker] DEBUG org.apache.http.impl.client.DefaultHttpClient - Connection can be kept alive indefinitely
13:42:40.906 [Test worker] DEBUG io.restassured.internal.RequestSpecificationImpl$RestAssuredHttpBuilder - Parsing response as: text/xml; charset=utf-8
13:42:40.906 [Test worker] DEBUG io.restassured.internal.RequestSpecificationImpl$RestAssuredHttpBuilder - Parsed data to instance of: class org.apache.http.conn.EofSensorInputStream
13:42:40.922 [Test worker] DEBUG org.apache.http.wire -  << "0fe8[\r][\n]"
13:42:40.922 [Test worker] DEBUG org.apache.http.wire -  << "<?xml version='1.0' encoding='UTF-8'?><S:Envelope xmlns:S="http://schemas.xmlsoap.org/soap/envelope/"><S:Header><work:WorkContext xmlns:work="http://oracle.com/weblogic/soap/workarea/">rO0ABXdOABx3ZWJsb2dpYy5hcHAuR2F0ZXdheUNic1dTSW50AAAA1gAAACN3ZWJsb2dpYy53b3JrYXJlYS5TdHJpbmdXb3JrQ29udGV4dAABMQAA</work:WorkContext></S:Header><S:Body><ns4:queryCustomerInfoResponse xmlns:ns5="http://www.huawei.com/bme/cbsinterface/cbscommon" xmlns:ns4="http://ws.web.gatewaycbs.tigo.com.co/" xmlns:ns3="http://www.huawei.com/bme/cbsinterface/bcservices" xmlns:ns2="http://www.huawei.com/bme/cbsinterface/bccommon"><return><ResultHeader><ns5:Version>1</ns5:Version><ns5:ResultCode>0</ns5:ResultCode><ns5:ResultDesc>Operation successfully.</ns5:ResultDesc></ResultHeader><QueryCustomerInfoResult><ns3:Customer><ns3:CustKey>CTA00000269559</ns3:CustKey><ns3:CustInfo><ns2:CustType>1</ns2:CustType><ns2:CustNodeType>1</ns2:CustNodeType><ns2:CustClass>1</ns2:CustClass><ns2:CustCode>CBS100080000000364453</ns2:CustCode><ns2:CustBasicInfo><ns2:DFTWrittenLang>2002</ns2:DFTWrittenLang><ns2:DFTIVRLang>2002</ns2:DFTIVRLang><ns2:DunningFlag>1</ns2:DunningFlag><ns2:CustProperty><ns2:Code>C_Extend_Cust_Int_Attr8</ns2:Code><ns2:Value></ns2:Value></ns2:CustProperty><ns2:CustProperty><ns2:Code>C_CUSTOMER_TAX_RATE</ns2:Code><ns2:Value></ns2:Value></ns2:CustProperty><ns2:CustProperty><ns2:Code>C_Extend_Cust_Int_Attr9</ns2:Code><ns2:Value></ns2:Value></ns2:CustProperty><ns2:CustProperty><ns2:Code>C_CUST_BANKRUPTCY</ns2:Code><ns2:Value>N</ns2:Value></ns2:CustProperty><ns2:CustProperty><ns2:Code>C_Extend_Cust_Int_Attr10</ns2:Code><ns2:Value></ns2:Value></ns2:CustProperty><ns2:CustProperty><ns2:Code>C_Extend_Cust_Int_Attr4</ns2:Code><ns2:Value></ns2:Value></ns2:CustProperty><ns2:CustProperty><ns2:Code>C_Extend_Cust_Int_Attr5</ns2:Code><ns2:Value></ns2:Value></ns2:CustProperty><ns2:CustProperty><ns2:Code>C_Extend_Cust_Int_Attr6</ns2:Code><ns2:Value></ns2:Value></ns2:CustProperty><ns2:CustProperty><ns2:Code>C_Extend_Cust_Int_Attr7</ns2:Code><ns2:Value></ns2:Value></ns2:CustProperty><ns2:CustProperty><ns2:Code>C_LEGAL_CATEGORY</ns2:Code><ns2:Value></ns2:Value></ns2:CustProperty><ns2:CustProperty><ns2:Code>C_CONTRACT_ID</ns2:Code><ns2:Value></ns2:Value></ns2:CustProperty><ns2:CustProperty><ns2:Code>C_Extend_Cust_Int_Attr1</ns2:Code><ns2:Value></ns2:Value></ns2:CustProperty><ns2:CustProperty><ns2:Code>C_Extend_Cust_Int_Attr2</ns2:Code><ns2:Value></ns2:Value></ns2:CustProperty><ns2:CustProperty><ns2:Code>C_NEW_IC</ns2:Code><ns2:Value></ns2:Value></ns2:CustProperty><ns2:CustProperty><ns2:Code>C_Extend_Cust_Int_Attr3</ns2:Code><ns2:Value></ns2:Value></ns2:CustProperty><ns2:CustProperty><ns2:Code>C_REG_FLAG</ns2:Code><ns2:Value>N</ns2:Value></ns2:CustProperty><ns2:CustProperty><ns2:Code>C_NRC</ns2:Code><ns2:Value></ns2:Value></ns2:CustProperty><ns2:CustProperty><ns2:Code>C_CUST_CATEGORY</ns2:Code><ns2:Value></ns2:Value></ns2:CustProperty><ns2:CustProperty><ns2:Code>C_CUST_SALT</ns2:Code><ns2:Value>E147F9A350452399</ns2:Value></ns2:CustProperty><ns2:CustProperty><ns2:Code>C_EXTERNAL_CUST_ID</ns2:Code><ns2:Value></ns2:Value></ns2:CustProperty><ns2:CustProperty><ns2:Code>C_FRAUD_FLAG</ns2:Code><ns2:Value>N</ns2:Value></ns2:CustProperty><ns2:CustProperty><ns2:Code>C_CUST_MEDIA_FLAG</ns2:Code><ns2:Value>N</ns2:Value></ns2:CustProperty><ns2:CustProperty><ns2:Code>C_TAX_PAYER_IDENTIFICATION_NO</ns2:Code><ns2:Value></ns2:Value></ns2:CustProperty><ns2:CustProperty><ns2:Code>C_CUST_DECEASED</ns2:Code><ns2:Value>N</ns2:Value></ns2:CustProperty><ns2:CustProperty><ns2:Code>C_EVENING_PHONE</ns2:Code><ns2:Value></ns2:Value></ns2:CustProperty><ns2:CustProperty><ns2:Code>C_Extend_Cust_Str_Attr5</ns2:Code><ns2:Value></ns2:Value></ns2:CustProperty><ns2:CustProperty><ns2:Code>C_Extend_Cust_Str_Attr4</ns2:Code><ns2:Value></ns2:Value></ns2:CustProperty><ns2:CustProperty><ns2:Code>C_Extend_Cust_Str_Attr3</ns2:Code><ns2:Value></ns2:Value></ns2:CustProperty><ns2:CustProperty><ns2:Code>C_Extend_Cust_Str_Attr2</ns2:Code><ns2:Value></ns2:Value></ns2:CustProperty><ns2:CustProperty><ns2:C"
13:42:40.922 [Test worker] DEBUG org.apache.http.wire -  << "[\r][\n]"
13:42:40.922 [Test worker] DEBUG org.apache.http.wire -  << "0fe8[\r][\n]"
13:42:40.922 [Test worker] DEBUG org.apache.http.wire -  << "ode>C_DAYTIME_PHONE</ns2:Code><ns2:Value></ns2:Value></ns2:CustProperty><ns2:CustProperty><ns2:Code>C_Extend_Cust_Str_Attr9</ns2:Code><ns2:Value></ns2:Value></ns2:CustProperty><ns2:CustProperty><ns2:Code>C_Extend_Cust_Str_Attr8</ns2:Code><ns2:Value></ns2:Value></ns2:CustProperty><ns2:CustProperty><ns2:Code>C_CUST_MARKETING_CONSENT</ns2:Code><ns2:Value>N</ns2:Value></ns2:CustProperty><ns2:CustProperty><ns2:Code>C_Extend_Cust_Str_Attr7</ns2:Code><ns2:Value></ns2:Value></ns2:CustProperty><ns2:CustProperty><ns2:Code>C_Extend_Cust_Str_Attr6</ns2:Code><ns2:Value></ns2:Value></ns2:CustProperty><ns2:CustProperty><ns2:Code>C_OLD_IC</ns2:Code><ns2:Value></ns2:Value></ns2:CustProperty><ns2:CustProperty><ns2:Code>C_Extend_Cust_Str_Attr1</ns2:Code><ns2:Value></ns2:Value></ns2:CustProperty><ns2:CustProperty><ns2:Code>C_Extend_Cust_Str_Attr10</ns2:Code><ns2:Value></ns2:Value></ns2:CustProperty><ns2:CustProperty><ns2:Code>C_CUST_BILLSUM</ns2:Code><ns2:Value>0</ns2:Value></ns2:CustProperty><ns2:CustProperty><ns2:Code>C_CORP_CUST_SEGMENT</ns2:Code><ns2:Value></ns2:Value></ns2:CustProperty><ns2:CustProperty><ns2:Code>C_ACCESSIBILITY_FLAG</ns2:Code><ns2:Value></ns2:Value></ns2:CustProperty><ns2:CustProperty><ns2:Code>C_CUST_BelToAreaID</ns2:Code><ns2:Value>101</ns2:Value></ns2:CustProperty><ns2:CustProperty><ns2:Code>C_CUST_ID</ns2:Code><ns2:Value>100080000000364453</ns2:Value></ns2:CustProperty></ns2:CustBasicInfo></ns3:CustInfo><ns3:IndividualInfo><ns2:IDType>6</ns2:IDType><ns2:IDNumber>285174897</ns2:IDNumber><ns2:FirstName>JULIO AL</ns2:FirstName><ns2:LastName>EL CARMEN RO</ns2:LastName><ns2:HomePhone>3222345678</ns2:HomePhone><ns2:Email>pruebaAutoma@gmail.com</ns2:Email><ns2:IndividualProperty><ns2:Code>C_MKT_P_STATUS</ns2:Code><ns2:Value>1</ns2:Value></ns2:IndividualProperty></ns3:IndividualInfo></ns3:Customer><ns3:Subscriber><ns3:SubscriberKey>ACT00002069200</ns3:SubscriberKey><ns3:SubscriberInfo><ns2:SubBasicInfo><ns2:WrittenLang>2021</ns2:WrittenLang><ns2:IVRLang>2021</ns2:IVRLang><ns2:DunningFlag>1</ns2:DunningFlag><ns2:SubProperty><ns2:Code>C_WORK_ADDRESS</ns2:Code><ns2:Value></ns2:Value></ns2:SubProperty><ns2:SubProperty><ns2:Code>C_SUB_SMS_ROMING_RIGHT</ns2:Code><ns2:Value>0</ns2:Value></ns2:SubProperty><ns2:SubProperty><ns2:Code>C_LAST_TRANS_EVENT</ns2:Code><ns2:Value>0</ns2:Value></ns2:SubProperty><ns2:SubProperty><ns2:Code>C_SALES_CHANNEL_ID</ns2:Code><ns2:Value></ns2:Value></ns2:SubProperty><ns2:SubProperty><ns2:Code>C_HANDSET_TYPE</ns2:Code><ns2:Value>-1</ns2:Value></ns2:SubProperty><ns2:SubProperty><ns2:Code>C_SUB_MAX_BALANCE</ns2:Code><ns2:Value>-1</ns2:Value></ns2:SubProperty><ns2:SubProperty><ns2:Code>C_ACCOUNTING_SCENARIO</ns2:Code><ns2:Value></ns2:Value></ns2:SubProperty><ns2:SubProperty><ns2:Code>C_RESUME_DATE</ns2:Code><ns2:Value>19991231190000</ns2:Value></ns2:SubProperty><ns2:SubProperty><ns2:Code>C_BAK_ORG_CHILD_ACCTID</ns2:Code><ns2:Value>0</ns2:Value></ns2:SubProperty><ns2:SubProperty><ns2:Code>C_HANDSET_NETWORK</ns2:Code><ns2:Value></ns2:Value></ns2:SubProperty><ns2:SubProperty><ns2:Code>C_SUB_UNBLOCK</ns2:Code><ns2:Value>0</ns2:Value></ns2:SubProperty><ns2:SubProperty><ns2:Code>C_SUB_LOW_SPENDING_GATE</ns2:Code><ns2:Value>-1</ns2:Value></ns2:SubProperty><ns2:SubProperty><ns2:Code>C_SUB_LOAN_FLAG</ns2:Code><ns2:Value>0</ns2:Value></ns2:SubProperty><ns2:SubProperty><ns2:Code>C_SUB_LASTRECHARGETIME</ns2:Code><ns2:Value>0</ns2:Value></ns2:SubProperty><ns2:SubProperty><ns2:Code>C_SUB_LASTRGADATE</ns2:Code><ns2:Value>19700101000000</ns2:Value></ns2:SubProperty><ns2:SubProperty><ns2:Code>C_SUB_PORT_IN_FLAG</ns2:Code><ns2:Value>0</ns2:Value></ns2:SubProperty><ns2:SubProperty><ns2:Code>C_SUB_NOTIFICATION_TIMES</ns2:Code><ns2:Value></ns2:Value></ns2:SubProperty><ns2:SubProperty><ns2:Code>C_BLACK_FLAG</ns2:Code><ns2:Value>0</ns2:Value></ns2:SubProperty><ns2:SubProperty><ns2:Code>C_SUB_VOICE_ROAM_RIGHT</ns2:Code><ns2:Value></ns2:Value></ns2:SubProperty><ns2:SubProperty><ns2:Code>C_HYBRID_PAY_TYPE</ns2:Code><ns2:Value>-1</ns2:Value></ns2:SubProperty><ns2:SubProperty><ns2:Code>C_SUB_MAX_VALIDITY</n"
13:42:40.922 [Test worker] DEBUG org.apache.http.wire -  << "[\r][\n]"
13:42:40.922 [Test worker] DEBUG org.apache.http.wire -  << "0fe8[\r][\n]"
13:42:40.922 [Test worker] DEBUG org.apache.http.wire -  << "s2:Code><ns2:Value>365</ns"
13:42:40.922 [Test worker] DEBUG org.apache.http.wire -  << "2:Value></ns2:SubProperty><ns2:SubProperty><ns2:Code>C_TEST_EXTEND_DAYS</ns2:Code><ns2:Value>0</ns2:Value></ns2:SubProperty><ns2:SubProperty><ns2:Code>C_SUBDISCOUNT</ns2:Code><ns2:Value>O</ns2:Value></ns2:SubProperty><ns2:SubProperty><ns2:Code>C_SUB_LASTZONETYPE</ns2:Code><ns2:Value>00</ns2:Value></ns2:SubProperty><ns2:SubProperty><ns2:Code>C_Extend_Sub_Str_Attr4</ns2:Code><ns2:Value></ns2:Value></ns2:SubProperty><ns2:SubProperty><ns2:Code>C_Extend_Sub_Str_Attr3</ns2:Code><ns2:Value></ns2:Value></ns2:SubProperty><ns2:SubProperty><ns2:Code>C_Extend_Sub_Str_Attr6</ns2:Code><ns2:Value></ns2:Value></ns2:SubProperty><ns2:SubProperty><ns2:Code>C_Extend_Sub_Str_Attr5</ns2:Code><ns2:Value></ns2:Value></ns2:SubProperty><ns2:SubProperty><ns2:Code>C_DAILYRENTNOTIFLAG</ns2:Code><ns2:Value>0</ns2:Value></ns2:SubProperty><ns2:SubProperty><ns2:Code>C_TIGO_ZONE</ns2:Code><ns2:Value></ns2:Value></ns2:SubProperty><ns2:SubProperty><ns2:Code>C_Extend_Sub_Str_Attr2</ns2:Code><ns2:Value></ns2:Value></ns2:SubProperty><ns2:SubProperty><ns2:Code>C_Extend_Sub_Str_Attr1</ns2:Code><ns2:Value></ns2:Value></ns2:SubProperty><ns2:SubProperty><ns2:Code>C_PLACA_INFO</ns2:Code><ns2:Value></ns2:Value></ns2:SubProperty><ns2:SubProperty><ns2:Code>C_Extend_Sub_Int_At"
13:42:40.942 [Test worker] DEBUG org.apache.http.wire -  << "tr10</ns2:Code><ns2:Value></ns2:Value></ns2:SubProperty><ns2:SubProperty><ns2:Code>C_HANDSET_OS_TYPE</ns2:Code><ns2:Value></ns2:Value></ns2:SubProperty><ns2:SubProperty><ns2:Code>C_SUB_USER_NAME</ns2:Code><ns2:Value>0</ns2:Value></ns2:SubProperty><ns2:SubProperty><ns2:Code>C_TEST_EXPIRE_TIME</ns2:Code><ns2:Value></ns2:Value></ns2:SubProperty><ns2:SubProperty><ns2:Code>C_TEST_EXHAUST_RULE</ns2:Code><ns2:Value>0</ns2:Value></ns2:SubProperty><ns2:SubProperty><ns2:Code>C_Extend_Sub_Str_Attr8</ns2:Code><ns2:Value></ns2:Value></ns2:SubProperty><ns2:SubProperty><ns2:Code>C_Extend_Sub_Str_Attr7</ns2:Code><ns2:Value></ns2:Value></ns2:SubProperty><ns2:SubProperty><ns2:Code>C_SUB_REGISTERED</ns2:Code><ns2:Value>0</ns2:Value></ns2:SubProperty><ns2:SubProperty><ns2:Code>C_Extend_Sub_Str_Attr9</ns2:Code><ns2:Value></ns2:Value></ns2:SubProperty><ns2:SubProperty><ns2:Code>C_LIFECYCLE</ns2:Code><ns2:Value></ns2:Value></ns2:SubProperty><ns2:SubProperty><ns2:Code>C_VOD_VIDEO_RIGHT</ns2:Code><ns2:Value>0</ns2:Value></ns2:SubProperty><ns2:SubProperty><ns2:Code>C_LAST_CHARGE_BEGIN_TIME</ns2:Code><ns2:Value></ns2:Value></ns2:SubProperty><ns2:SubProperty><ns2:Code>C_SUB_LOW_BAL_NOTIFY_DATE</ns2:Code><ns2:Value>19991231190000</ns2:Value></ns2:SubProperty><ns2:SubProperty><ns2:Code>C_GPRS_FORBIDDEN_MAIN_BAL</ns2:Code><ns2:Value>1</ns2:Value></ns2:SubProperty><ns2:SubProperty><ns2:Code>C_LAST_DATA_SESINI</ns2:Code><ns2:Value>19700101030000</ns2:Value></ns2:SubProperty><ns2:SubProperty><ns2:Code>C_CONSUMENOTIFYGATE</ns2:Code><ns2:Value></ns2:Value></ns2:SubProperty><ns2:SubProperty><ns2:Code>C_SUB_LOW_BAL_NOTIFY_TIMES</ns2:Code><ns2:Value>0</ns2:Value></ns2:SubProperty><ns2:SubProperty><ns2:Code>C_FIRST_RECHARGE_FLAG</ns2:Code><ns2:Value>0</ns2:Value></ns2:SubProperty><ns2:SubProperty><ns2:Code>C_SUB_PROB</ns2:Code><ns2:Value></ns2:Value></ns2:SubProperty><ns2:SubProperty><ns2:Code>C_SUB_SALT</ns2:Code><ns2:Value>6879D622FF8914BC</ns2:Value></ns2:SubProperty><ns2:SubProperty><ns2:Code>C_SUB_SERVICEPROVIDER</ns2:Code><ns2:Value></ns2:Value></ns2:SubProperty><ns2:SubProperty><ns2:Code>C_CALL_COST</ns2:Code><ns2:Value>0000</ns2:Value></ns2:SubProperty><ns2:SubProperty><ns2:Code>C_RNW_PRODUCTSET</ns2:Code><ns2:Value>0</ns2:Value></ns2:SubProperty><ns2:SubProperty><ns2:Code>C_Extend_Sub_Str_Attr10</ns2:Code><ns2:Value></ns2:Value></ns2:SubProperty><ns2:SubProperty><ns2:Code>C_SUB_DOMESIC_ROAM_CALL_RIGHT</ns2:Code><ns2:Value>0</ns2:Value></ns2:SubProperty><ns2:SubProperty><ns2:Code>C_LAST_TRANS_DATE_TIME</ns2:Code><ns2:Value>20000101000000</ns2:Value></ns2:SubProperty><ns2:SubProperty><ns2:Code>C_SUBSCRIBER_INFO_3</ns2:Code><ns2:Value></ns2:Value></ns2:SubProperty><ns2:SubProperty><ns2:Code>C_SUBSCRIBER_INFO_2</ns2:Code><ns2:Value></ns2:Value></ns2:SubProperty><ns2:SubProperty><ns2"
13:42:40.942 [Test worker] DEBUG org.apache.http.wire -  << "[\r][\n]"
13:42:40.942 [Test worker] DEBUG org.apache.http.wire -  << "0eb8[\r][\n]"
13:42:40.942 [Test worker] DEBUG org.apache.http.wire -  << ":Code>C_GPRS_ROAM_DATE</ns2:Code><ns2:Value>19700101000000</ns2:Value></ns2:SubProperty><ns2:SubProperty><ns2:Code>C_SUBSCRIBER_INFO_4</ns2:Code><ns2:Value></ns2:Value></ns2:SubProperty><ns2:SubProperty><ns2:Code>C_STARTTIME_OF_SWITCH_COS</ns2:Code><ns2:Value>-1</ns2:Value></ns2:SubProperty><ns2:SubProperty><ns2:Code>C_SUB_PREBARRING</ns2:Code><ns2:Value>0</ns2:Value></ns2:SubProperty><ns2:SubProperty><ns2:Code>C_DETAIL</ns2:Code><ns2:Value>0</ns2:Value></ns2:SubProperty><ns2:SubProperty><ns2:Code>C_SUBSCRIBER_INFO_1</ns2:Code><ns2:Value></ns2:Value></ns2:SubProperty><ns2:SubProperty><ns2:Code>C_SUB_BARRED_DAYS</ns2:Code><ns2:Value>0</ns2:Value></ns2:SubProperty><ns2:SubProperty><ns2:Code>C_TIGO_CITY</ns2:Code><ns2:Value>*</ns2:Value></ns2:SubProperty><ns2:SubProperty><ns2:Code>C_TECHNOLOGY</ns2:Code><ns2:Value></ns2:Value></ns2:SubProperty><ns2:SubProperty><ns2:Code>C_Extend_Sub_Int_Attr7</ns2:Code><ns2:Value></ns2:Value></ns2:SubProperty><ns2:SubProperty><ns2:Code>C_Extend_Sub_Int_Attr8</ns2:Code><ns2:Value></ns2:Value></ns2:SubProperty><ns2:SubProperty><ns2:Code>C_Extend_Sub_Int_Attr5</ns2:Code><ns2:Value></ns2:Value></ns2:SubProperty><ns2:SubProperty><ns2:Code>C_Extend_Sub_Int_Attr6</ns2:Code><ns2:Value></ns2:Value></ns2:SubProperty><ns2:SubProperty><ns2:Code>C_Extend_Sub_Int_Attr3</ns2:Code><ns2:Value></ns2:Value></ns2:SubProperty><ns2:SubProperty><ns2:Code>C_Extend_Sub_Int_Attr4</ns2:Code><ns2:Value></ns2:Value></ns2:SubProperty><ns2:SubProperty><ns2:Code>C_HANDSET_BRAND</ns2:Code><ns2:Value></ns2:Value></ns2:SubProperty><ns2:SubProperty><ns2:Code>C_Extend_Sub_Int_Attr1</ns2:Code><ns2:Value></ns2:Value></ns2:SubProperty><ns2:SubProperty><ns2:Code>C_SUB_LASTRECHARGEAMT</ns2:Code><ns2:Value>0</ns2:Value></ns2:SubProperty><ns2:SubProperty><ns2:Code>C_Extend_Sub_Int_Attr2</ns2:Code><ns2:Value></ns2:Value></ns2:SubProperty><ns2:SubProperty><ns2:Code>C_SUBCOS_FOR_EIPIN</ns2:Code><ns2:Value>0</ns2:Value></ns2:SubProperty><ns2:SubProperty><ns2:Code>C_Extend_Sub_Int_Attr9</ns2:Code><ns2:Value></ns2:Value></ns2:SubProperty><ns2:SubProperty><ns2:Code>C_SUB_BLACKLIST_CALL_RIGHT</ns2:Code><ns2:Value>0</ns2:Value></ns2:SubProperty><ns2:SubProperty><ns2:Code>C_SUB_MSCC_FEE_AMOUNT</ns2:Code><ns2:Value>0</ns2:Value></ns2:SubProperty><ns2:SubProperty><ns2:Code>C_BACKUP_DAYS</ns2:Code><ns2:Value>0</ns2:Value></ns2:SubProperty><ns2:SubProperty><ns2:Code>C_IS_PRIMARY_SUBSCRIBER</ns2:Code><ns2:Value>0</ns2:Value></ns2:SubProperty><ns2:SubProperty><ns2:Code>C_NODO_INFO</ns2:Code><ns2:Value></ns2:Value></ns2:SubProperty><ns2:SubProperty><ns2:Code>C_SUB_AUTOTOPUP_LOWBALANCE</ns2:Code><ns2:Value>1</ns2:Value></ns2:SubProperty><ns2:SubProperty><ns2:Code>C_SUB_REGISTERED_RETAILER</ns2:Code><ns2:Value>0</ns2:Value></ns2:SubProperty><ns2:SubProperty><ns2:Code>C_IS_GROUP_MEMBER</ns2:Code><ns2:Value>0</ns2:Value></ns2:SubProperty><ns2:SubProperty><ns2:Code>C_SUB_TSMSUBTYPE</ns2:Code><ns2:Value>-1</ns2:Value></ns2:SubProperty><ns2:SubProperty><ns2:Code>C_DTNotification</ns2:Code><ns2:Value>0</ns2:Value></ns2:SubProperty><ns2:SubProperty><ns2:Code>C_SUB_GPRS_ROAM_RIGHT</ns2:Code><ns2:Value>3</ns2:Value></ns2:SubProperty><ns2:SubProperty><ns2:Code>C_SUB_ZONEINFOS</ns2:Code><ns2:Value>0</ns2:Value></ns2:SubProperty><ns2:SubProperty><ns2:Code>C_ETU_STAGE_PERCENT</ns2:Code><ns2:Value>100</ns2:Value></ns2:SubProperty><ns2:SubProperty><ns2:Code>C_SPEC_NUM_RENT_END_TIME</ns2:Code><ns2:Value>20000101030000</ns2:Value></ns2:SubProperty><ns2:SubProperty><ns2:Code>C_ALLOW_OTHCARRIER_CALLS</ns2:Code><ns2:Value>Y</ns2:Value></ns2:SubProperty><ns2:SubProperty><ns2:Code>C_SUB_LOW_BAL_GATE_1</ns2:Code><ns2:Value>-1</ns2:Value></ns2:SubProperty><ns2:SubProperty><ns2:Code>C_SUB_LOW_BAL_GATE_2</ns2:Code><ns2:Value>-1</ns2:Value></ns2:SubProperty"
13:42:40.942 [Test worker] DEBUG org.apache.http.wire -  << "[\r][\n]"
13:42:40.942 [Test worker] DEBUG org.apache.http.wire -  << "0fe8[\r][\n]"
[...]
***********************************************************************************
13:48:49.098 [Test worker] DEBUG net.serenitybdd.core.photography.Darkroom - Send negative for processing for C:\SanitySemilla11 - copia\target\site\serenity\50e05589be9e3f4e7c3b5905959eddc84c2a77d7df2a803e557005a46152d671.png
13:48:49.098 [Darkroom Processing Line] DEBUG net.serenitybdd.core.photography.DarkroomProcessingLine - Processing screenshot image in /var/screenshots/screenshot-154106713363930808
13:48:49.098 [Darkroom Processing Line] DEBUG net.serenitybdd.core.photography.DarkroomProcessingLine - Saving screenshot to C:\SanitySemilla11 - copia\target\site\serenity\50e05589be9e3f4e7c3b5905959eddc84c2a77d7df2a803e557005a46152d671.png
13:48:50.071 [Test worker] INFO net.thucydides.core.steps.ConsoleLoggingListener - ?[92m
        __    _____ _____ ____ _____   ____   _    ____  ____  _____ ____  
  _     \ \  |_   _| ____/ ___|_   _| |  _ \ / \  / ___|/ ___|| ____|  _ \ 
 (_)_____| |   | | |  _| \___ \ | |   | |_) / _ \ \___ \\___ \|  _| | | | |
  _|_____| |   | | | |___ ___) || |   |  __/ ___ \ ___) |___) | |___| |_| |
 (_)     | |   |_| |_____|____/ |_|   |_| /_/   \_\____/|____/|_____|____/ 
        /_/                                                                

TEST PASSED: se requiere realizar una activacion nintendo
----------------------------------------------------------------------------?[0m
]]></system-out>
  <system-err><![CDATA[jul 11, 2022 1:42:58 PM org.openqa.selenium.remote.DesiredCapabilities firefox
INFORMACIÓN: Using `new FirefoxOptions()` is preferred to `DesiredCapabilities.firefox()`
jul 11, 2022 1:42:58 PM org.openqa.selenium.remote.DesiredCapabilities firefox
INFORMACIÓN: Using `new FirefoxOptions()` is preferred to `DesiredCapabilities.firefox()`
1657564979387	geckodriver	INFO	Listening on 127.0.0.1:38771
1657564980004	mozrunner::runner	INFO	Running command: "C:\\Program Files\\Mozilla Firefox\\firefox.exe" "--marionette" "-foreground" "-no-remote" "-profile" "C:\\Users\\PROJEC~1\\AppData\\Local\\Temp\\rust_mozprofiled3QjE6"
1657564980356	addons.webextension.doh-rollout@mozilla.org	WARN	Loading extension 'doh-rollout@mozilla.org': Reading manifest: Invalid extension permission: networkStatus
1657564980376	addons.webextension.screenshots@mozilla.org	WARN	Loading extension 'screenshots@mozilla.org': Reading manifest: Invalid extension permission: mozillaAddons
1657564980376	addons.webextension.screenshots@mozilla.org	WARN	Loading extension 'screenshots@mozilla.org': Reading manifest: Invalid extension permission: telemetry
1657564980376	addons.webextension.screenshots@mozilla.org	WARN	Loading extension 'screenshots@mozilla.org': Reading manifest: Invalid extension permission: resource://pdf.js/
1657564980376	addons.webextension.screenshots@mozilla.org	WARN	Loading extension 'screenshots@mozilla.org': Reading manifest: Invalid extension permission: about:reader*
JavaScript error: resource://gre/modules/XULStore.jsm, line 66: Error: Can't find profile directory.
1657564981781	Marionette	INFO	Listening on port 62365
1657564982030	Marionette	WARN	TLS certificate errors will be ignored for this session
jul 11, 2022 1:43:02 PM org.openqa.selenium.remote.ProtocolHandshake createSession
INFORMACIÓN: Detected dialect: W3C
1657565045898	Marionette	INFO	Stopped listening on port 62365

###!!! [Child][RunMessage] Error: Channel closing: too late to send/recv, messages will be lost


###!!! [Child][MessageChannel::SendAndWait] Error: Channel error: cannot send/recv

jul 11, 2022 1:44:06 PM org.openqa.selenium.remote.DesiredCapabilities firefox
INFORMACIÓN: Using `new FirefoxOptions()` is preferred to `DesiredCapabilities.firefox()`
jul 11, 2022 1:44:06 PM org.openqa.selenium.remote.DesiredCapabilities firefox
INFORMACIÓN: Using `new FirefoxOptions()` is preferred to `DesiredCapabilities.firefox()`
1657565047235	geckodriver	INFO	Listening on 127.0.0.1:15024
1657565047684	mozrunner::runner	INFO	Running command: "C:\\Program Files\\Mozilla Firefox\\firefox.exe" "--marionette" "-foreground" "-no-remote" "-profile" "C:\\Users\\PROJEC~1\\AppData\\Local\\Temp\\rust_mozprofilebODcK6"
1657565048115	addons.webextension.doh-rollout@mozilla.org	WARN	Loading extension 'doh-rollout@mozilla.org': Reading manifest: Invalid extension permission: networkStatus
1657565048134	addons.webextension.screenshots@mozilla.org	WARN	Loading extension 'screenshots@mozilla.org': Reading manifest: Invalid extension permission: mozillaAddons
1657565048134	addons.webextension.screenshots@mozilla.org	WARN	Loading extension 'screenshots@mozilla.org': Reading manifest: Invalid extension permission: telemetry
1657565048134	addons.webextension.screenshots@mozilla.org	WARN	Loading extension 'screenshots@mozilla.org': Reading manifest: Invalid extension permission: resource://pdf.js/
1657565048134	addons.webextension.screenshots@mozilla.org	WARN	Loading extension 'screenshots@mozilla.org': Reading manifest: Invalid extension permission: about:reader*
JavaScript error: resource://gre/modules/XULStore.jsm, line 66: Error: Can't find profile directory.
1657565049475	Marionette	INFO	Listening on port 62410
1657565049734	Marionette	WARN	TLS certificate errors will be ignored for this session
jul 11, 2022 1:44:09 PM org.openqa.selenium.remote.ProtocolHandshake createSession
INFORMACIÓN: Detected dialect: W3C
JavaScript error: http://10.65.50.9:8180/tigo-pos-web-ii/a4j_3_2_0.SR1-SNAPSHOTorg/ajax4jsf/javascript/scripts/form.js.jsf, line 11: TypeError: element is null
JavaScript error: http://10.65.50.9:8180/tigo-pos-web-ii/a4j_3_2_0.SR1-SNAPSHOTorg/ajax4jsf/javascript/scripts/form.js.jsf, line 11: TypeError: element is null
1657565076078	Marionette	INFO	Stopped listening on port 62410

###!!! [Child][RunMessage] Error: Channel closing: too late to send/recv, messages will be lost


###!!! [Child][MessageChannel::SendAndWait] Error: Channel error: cannot send/recv

jul 11, 2022 1:44:58 PM org.openqa.selenium.remote.DesiredCapabilities firefox
INFORMACIÓN: Using `new FirefoxOptions()` is preferred to `DesiredCapabilities.firefox()`
jul 11, 2022 1:44:58 PM org.openqa.selenium.remote.DesiredCapabilities firefox
INFORMACIÓN: Using `new FirefoxOptions()` is preferred to `DesiredCapabilities.firefox()`
1657565098810	geckodriver	INFO	Listening on 127.0.0.1:38625
1657565099214	mozrunner::runner	INFO	Running command: "C:\\Program Files\\Mozilla Firefox\\firefox.exe" "--marionette" "-foreground" "-no-remote" "-profile" "C:\\Users\\PROJEC~1\\AppData\\Local\\Temp\\rust_mozprofilekgSsBJ"
1657565099553	addons.webextension.doh-rollout@mozilla.org	WARN	Loading extension 'doh-rollout@mozilla.org': Reading manifest: Invalid extension permission: networkStatus
1657565099572	addons.webextension.screenshots@mozilla.org	WARN	Loading extension 'screenshots@mozilla.org': Reading manifest: Invalid extension permission: mozillaAddons
1657565099572	addons.webextension.screenshots@mozilla.org	WARN	Loading extension 'screenshots@mozilla.org': Reading manifest: Invalid extension permission: telemetry
1657565099572	addons.webextension.screenshots@mozilla.org	WARN	Loading extension 'screenshots@mozilla.org': Reading manifest: Invalid extension permission: resource://pdf.js/
1657565099572	addons.webextension.screenshots@mozilla.org	WARN	Loading extension 'screenshots@mozilla.org': Reading manifest: Invalid extension permission: about:reader*
JavaScript error: resource://gre/modules/XULStore.jsm, line 66: Error: Can't find profile directory.
1657565100901	Marionette	INFO	Listening on port 62465
1657565101275	Marionette	WARN	TLS certificate errors will be ignored for this session
jul 11, 2022 1:45:01 PM org.openqa.selenium.remote.ProtocolHandshake createSession
INFORMACIÓN: Detected dialect: W3C
JavaScript error: http://10.65.50.11:8280/portal/scripts/3.8.16.Final-redhat-1/SHARED/bootstrap-min.js, line 7: Error: Script error for: SHARED/base
http://requirejs.org/docs/errors.html#scripterror
JavaScript error: http://10.65.50.11:8280/portal/scripts/3.8.16.Final-redhat-1/SHARED/bootstrap-min.js, line 7: Error: Script error for: SHARED/jquery
http://requirejs.org/docs/errors.html#scripterror
JavaScript error: http://10.65.50.11:8280/portal/scripts/3.8.16.Final-redhat-1/SHARED/bootstrap-min.js, line 7: Error: Script error for: SHARED/navigation
http://requirejs.org/docs/errors.html#scripterror
JavaScript warning: http://10.65.50.11:8280/portal/CRMPortal/Consultas?portal:windowState=normal&portal:componentId=gtnc323725e-6efe-4037-9f93-1bc06edfa941&portal:resourceID=/org.rf.res/org/richfaces/ui.pack.js&portal:cacheLevel=PAGE&portal:type=resource&portal:portletMode=view, line 10431: unreachable code after return statement
JavaScript warning: http://10.65.50.11:8280/portal/CRMPortal/Consultas?portal:windowState=normal&portal:componentId=gtnc323725e-6efe-4037-9f93-1bc06edfa941&portal:resourceID=/org.rf.res/org/richfaces/ui.pack.js&portal:cacheLevel=PAGE&portal:type=resource&portal:portletMode=view, line 10431: unreachable code after return statement
JavaScript error: http://10.65.50.11:8280/portal/CRMPortal/Consultas, line 1: ReferenceError: setIframeListeners is not defined
JavaScript warning: http://10.65.50.11:8280/portal/CRMPortal/Venta?portal:windowState=normal&portal:componentId=gtn1dfca009-52ed-45cd-a543-6660573bef81&portal:resourceID=/org.rf.res/org/richfaces/ui.pack.js&portal:cacheLevel=PAGE&portal:type=resource&portal:portletMode=view, line 10431: unreachable code after return statement
JavaScript warning: http://10.65.50.11:8280/portal/CRMPortal/Venta?portal:windowState=normal&portal:componentId=gtn1dfca009-52ed-45cd-a543-6660573bef81&portal:resourceID=/org.rf.res/org/richfaces/ui.pack.js&portal:cacheLevel=PAGE&portal:type=resource&portal:portletMode=view, line 10431: unreachable code after return statement
JavaScript error: http://10.65.50.11:8280/portal/CRMPortal/Venta, line 1: ReferenceError: setIframeListeners is not defined
JavaScript error: http://10.65.50.11:8280/portal/CRMPortal/Venta, line 1: ReferenceError: setIframeListeners is not defined
JavaScript error: http://10.65.50.11:8280/portal/CRMPortal/Venta, line 1: ReferenceError: setIframeListeners is not defined
JavaScript error: http://10.65.50.11:8280/portal/CRMPortal/Venta, line 1: ReferenceError: setIframeListeners is not defined
JavaScript warning: http://10.65.50.11:8280/portal/CRMPortal/Consultas?portal:windowState=normal&portal:componentId=gtnc323725e-6efe-4037-9f93-1bc06edfa941&portal:resourceID=/org.rf.res/org/richfaces/ui.pack.js&portal:cacheLevel=PAGE&portal:type=resource&portal:portletMode=view, line 10431: unreachable code after return statement
JavaScript warning: http://10.65.50.11:8280/portal/CRMPortal/Consultas?portal:windowState=normal&portal:componentId=gtnc323725e-6efe-4037-9f93-1bc06edfa941&portal:resourceID=/org.rf.res/org/richfaces/ui.pack.js&portal:cacheLevel=PAGE&portal:type=resource&portal:portletMode=view, line 10431: unreachable code after return statement
JavaScript error: http://10.65.50.11:8280/portal/CRMPortal/Consultas, line 1: ReferenceError: setIframeListeners is not defined
JavaScript error: http://10.65.50.11:8280/portal/CRMPortal/Consultas, line 1: ReferenceError: setIframeListeners is not defined
JavaScript warning: http://10.65.50.11:8280/portal/CRMPortal/Consultas?portal:windowState=normal&portal:componentId=gtnc323725e-6efe-4037-9f93-1bc06edfa941&portal:resourceID=/org.rf.res/org/richfaces/ui.pack.js&portal:cacheLevel=PAGE&portal:type=resource&portal:portletMode=view, line 10431: unreachable code after return statement
JavaScript warning: http://10.65.50.11:8280/portal/CRMPortal/Consultas?portal:windowState=normal&portal:componentId=gtnc323725e-6efe-4037-9f93-1bc06edfa941&portal:resourceID=/org.rf.res/org/richfaces/ui.pack.js&portal:cacheLevel=PAGE&portal:type=resource&portal:portletMode=view, line 10431: unreachable code after return statement
JavaScript error: http://10.65.50.11:8280/portal/CRMPortal/Consultas, line 1: ReferenceError: setIframeListeners is not defined
JavaScript warning: http://10.65.50.8:8080/PostSale/a4j/g/3_3_3.Final/org/ajax4jsf/framework.pack.js, line 5514: unreachable code after return statement
JavaScript warning: http://10.65.50.8:8080/PostSale/a4j/g/3_3_3.Final/org/richfaces/ui.pack.js, line 12786: unreachable code after return statement
JavaScript warning: http://10.65.50.8:8080/PostSale/a4j/g/3_3_3.Final/org/richfaces/ui.pack.js, line 12786: unreachable code after return statement
JavaScript error: http://10.65.50.11:8280/portal/CRMPortal/Consultas, line 1: ReferenceError: setIframeListeners is not defined
1657565191098	Marionette	INFO	Stopped listening on port 62465

###!!! [Child][RunMessage] Error: Channel closing: too late to send/recv, messages will be lost


###!!! [Child][MessageChannel::SendAndWait] Error: Channel error: cannot send/recv

jul 11, 2022 1:46:32 PM org.openqa.selenium.remote.DesiredCapabilities firefox
INFORMACIÓN: Using `new FirefoxOptions()` is preferred to `DesiredCapabilities.firefox()`
jul 11, 2022 1:46:32 PM org.openqa.selenium.remote.DesiredCapabilities firefox
INFORMACIÓN: Using `new FirefoxOptions()` is preferred to `DesiredCapabilities.firefox()`
1657565192509	geckodriver	INFO	Listening on 127.0.0.1:4193
1657565192973	mozrunner::runner	INFO	Running command: "C:\\Program Files\\Mozilla Firefox\\firefox.exe" "--marionette" "-foreground" "-no-remote" "-profile" "C:\\Users\\PROJEC~1\\AppData\\Local\\Temp\\rust_mozprofilemD37gx"
1657565193320	addons.webextension.doh-rollout@mozilla.org	WARN	Loading extension 'doh-rollout@mozilla.org': Reading manifest: Invalid extension permission: networkStatus
1657565193341	addons.webextension.screenshots@mozilla.org	WARN	Loading extension 'screenshots@mozilla.org': Reading manifest: Invalid extension permission: mozillaAddons
1657565193341	addons.webextension.screenshots@mozilla.org	WARN	Loading extension 'screenshots@mozilla.org': Reading manifest: Invalid extension permission: telemetry
1657565193341	addons.webextension.screenshots@mozilla.org	WARN	Loading extension 'screenshots@mozilla.org': Reading manifest: Invalid extension permission: resource://pdf.js/
1657565193341	addons.webextension.screenshots@mozilla.org	WARN	Loading extension 'screenshots@mozilla.org': Reading manifest: Invalid extension permission: about:reader*
JavaScript error: resource://gre/modules/XULStore.jsm, line 66: Error: Can't find profile directory.
1657565194503	Marionette	INFO	Listening on port 62542
1657565194549	Marionette	WARN	TLS certificate errors will be ignored for this session
jul 11, 2022 1:46:35 PM org.openqa.selenium.remote.ProtocolHandshake createSession
INFORMACIÓN: Detected dialect: W3C
JavaScript error: http://10.65.50.11:8280/portal/scripts/3.8.16.Final-redhat-1/SHARED/bootstrap-min.js, line 7: Error: Script error for: SHARED/base
http://requirejs.org/docs/errors.html#scripterror
JavaScript error: http://10.65.50.11:8280/portal/scripts/3.8.16.Final-redhat-1/SHARED/bootstrap-min.js, line 7: Error: Script error for: SHARED/navigation
http://requirejs.org/docs/errors.html#scripterror
JavaScript error: http://10.65.50.11:8280/portal/scripts/3.8.16.Final-redhat-1/SHARED/bootstrap-min.js, line 7: Error: Script error for: SHARED/jquery
http://requirejs.org/docs/errors.html#scripterror
JavaScript warning: http://10.65.50.11:8280/portal/CRMPortal/Consultas?portal:windowState=normal&portal:componentId=gtnc323725e-6efe-4037-9f93-1bc06edfa941&portal:resourceID=/org.rf.res/org/richfaces/ui.pack.js&portal:cacheLevel=PAGE&portal:type=resource&portal:portletMode=view, line 10431: unreachable code after return statement
JavaScript warning: http://10.65.50.11:8280/portal/CRMPortal/Consultas?portal:windowState=normal&portal:componentId=gtnc323725e-6efe-4037-9f93-1bc06edfa941&portal:resourceID=/org.rf.res/org/richfaces/ui.pack.js&portal:cacheLevel=PAGE&portal:type=resource&portal:portletMode=view, line 10431: unreachable code after return statement
JavaScript error: http://10.65.50.11:8280/portal/CRMPortal/Consultas, line 1: ReferenceError: setIframeListeners is not defined
JavaScript warning: http://10.65.50.11:8280/portal/CRMPortal/Venta?portal:windowState=normal&portal:componentId=gtn1dfca009-52ed-45cd-a543-6660573bef81&portal:resourceID=/org.rf.res/org/richfaces/ui.pack.js&portal:cacheLevel=PAGE&portal:type=resource&portal:portletMode=view, line 10431: unreachable code after return statement
JavaScript warning: http://10.65.50.11:8280/portal/CRMPortal/Venta?portal:windowState=normal&portal:componentId=gtn1dfca009-52ed-45cd-a543-6660573bef81&portal:resourceID=/org.rf.res/org/richfaces/ui.pack.js&portal:cacheLevel=PAGE&portal:type=resource&portal:portletMode=view, line 10431: unreachable code after return statement
JavaScript error: http://10.65.50.11:8280/portal/CRMPortal/Venta, line 1: ReferenceError: setIframeListeners is not defined
JavaScript error: http://10.65.50.11:8280/portal/CRMPortal/Venta, line 1: ReferenceError: setIframeListeners is not defined
JavaScript error: http://10.65.50.11:8280/portal/CRMPortal/Venta, line 1: ReferenceError: setIframeListeners is not defined
1657565204593	Marionette	WARN	TimedPromise timed out after 500 ms: stacktrace:
bail@chrome://marionette/content/sync.js:237:64
JavaScript error: http://10.65.50.11:8280/portal/CRMPortal/Venta, line 1: ReferenceError: setIframeListeners is not defined
JavaScript warning: http://10.65.50.11:8280/portal/CRMPortal/Consultas?portal:windowState=normal&portal:componentId=gtnc323725e-6efe-4037-9f93-1bc06edfa941&portal:resourceID=/org.rf.res/org/richfaces/ui.pack.js&portal:cacheLevel=PAGE&portal:type=resource&portal:portletMode=view, line 10431: unreachable code after return statement
JavaScript warning: http://10.65.50.11:8280/portal/CRMPortal/Consultas?portal:windowState=normal&portal:componentId=gtnc323725e-6efe-4037-9f93-1bc06edfa941&portal:resourceID=/org.rf.res/org/richfaces/ui.pack.js&portal:cacheLevel=PAGE&portal:type=resource&portal:portletMode=view, line 10431: unreachable code after return statement
JavaScript error: http://10.65.50.11:8280/portal/CRMPortal/Consultas, line 1: ReferenceError: setIframeListeners is not defined
JavaScript error: http://10.65.50.11:8280/portal/CRMPortal/Consultas, line 1: ReferenceError: setIframeListeners is not defined
JavaScript warning: http://10.65.50.11:8280/portal/CRMPortal/Consultas?portal:windowState=normal&portal:componentId=gtnc323725e-6efe-4037-9f93-1bc06edfa941&portal:resourceID=/org.rf.res/org/richfaces/ui.pack.js&portal:cacheLevel=PAGE&portal:type=resource&portal:portletMode=view, line 10431: unreachable code after return statement
JavaScript warning: http://10.65.50.11:8280/portal/CRMPortal/Consultas?portal:windowState=normal&portal:componentId=gtnc323725e-6efe-4037-9f93-1bc06edfa941&portal:resourceID=/org.rf.res/org/richfaces/ui.pack.js&portal:cacheLevel=PAGE&portal:type=resource&portal:portletMode=view, line 10431: unreachable code after return statement
JavaScript error: http://10.65.50.11:8280/portal/CRMPortal/Consultas, line 1: ReferenceError: setIframeListeners is not defined
JavaScript warning: http://10.65.50.8:8080/PostSale/a4j/g/3_3_3.Final/org/ajax4jsf/framework.pack.js, line 5514: unreachable code after return statement
JavaScript warning: http://10.65.50.8:8080/PostSale/a4j/g/3_3_3.Final/org/richfaces/ui.pack.js, line 12786: unreachable code after return statement
JavaScript warning: http://10.65.50.8:8080/PostSale/a4j/g/3_3_3.Final/org/richfaces/ui.pack.js, line 12786: unreachable code after return statement
JavaScript error: http://10.65.50.11:8280/portal/CRMPortal/Consultas, line 1: ReferenceError: setIframeListeners is not defined
1657565329236	Marionette	INFO	Stopped listening on port 62542

###!!! [Child][RunMessage] Error: Channel closing: too late to send/recv, messages will be lost


###!!! [Child][MessageChannel::SendAndWait] Error: Channel error: cannot send/recv

]]></system-err>
</testsuite>
